2019-04-12 14:48:10,565 [Worker-8] INFO  o.e.m.c.i.l.LifecycleMappingFactory - Using org.maven.ide.eclipse.wtp.WarLifecycleMapping lifecycle mapping for MavenProject: com.cossm.test:redpacket:0.0.1-SNAPSHOT @ D:\Ecliproject5_red\redpacket\pom.xml.
2019-04-12 14:48:13,809 [Worker-8] INFO  o.e.m.j.i.AbstractJavaProjectConfigurator - Adding source folder /redpacket/src/main/java
2019-04-12 14:48:13,810 [Worker-8] INFO  o.e.m.j.i.AbstractJavaProjectConfigurator - Adding resource folder /redpacket/src/main/resources
2019-04-12 14:48:13,810 [Worker-8] INFO  o.e.m.j.i.AbstractJavaProjectConfigurator - Adding source folder /redpacket/src/test/java
2019-04-12 14:48:13,811 [Worker-8] INFO  o.e.m.j.i.AbstractJavaProjectConfigurator - Adding resource folder /redpacket/src/test/resources
2019-04-12 14:48:20,507 [Worker-8] WARN  o.e.m.c.i.embedder.EclipseLogger - Using platform encoding (GBK actually) to copy filtered resources, i.e. build is platform dependent!
2019-04-12 14:48:20,520 [Worker-8] INFO  o.e.m.c.i.embedder.EclipseLogger - Copying 0 resource
2019-04-12 14:48:20,522 [Worker-8] WARN  o.e.m.c.i.embedder.EclipseLogger - Using platform encoding (GBK actually) to copy filtered resources, i.e. build is platform dependent!
2019-04-12 14:48:20,528 [Worker-8] INFO  o.e.m.c.i.embedder.EclipseLogger - Copying 0 resource
2019-04-12 14:50:07,624 [Worker-16] WARN  o.e.m.c.i.embedder.EclipseLogger - Using platform encoding (GBK actually) to copy filtered resources, i.e. build is platform dependent!
2019-04-12 14:50:07,632 [Worker-16] INFO  o.e.m.c.i.embedder.EclipseLogger - Copying 0 resource
2019-04-12 14:50:07,634 [Worker-16] WARN  o.e.m.c.i.embedder.EclipseLogger - Using platform encoding (GBK actually) to copy filtered resources, i.e. build is platform dependent!
2019-04-12 14:50:07,643 [Worker-16] INFO  o.e.m.c.i.embedder.EclipseLogger - Copying 0 resource
2019-04-12 14:50:17,229 [Worker-16] WARN  o.e.m.c.i.embedder.EclipseLogger - Using platform encoding (GBK actually) to copy filtered resources, i.e. build is platform dependent!
2019-04-12 14:50:17,236 [Worker-16] INFO  o.e.m.c.i.embedder.EclipseLogger - Copying 0 resource
2019-04-12 14:50:17,237 [Worker-16] WARN  o.e.m.c.i.embedder.EclipseLogger - Using platform encoding (GBK actually) to copy filtered resources, i.e. build is platform dependent!
2019-04-12 14:50:17,243 [Worker-16] INFO  o.e.m.c.i.embedder.EclipseLogger - Copying 0 resource
2019-04-12 14:50:53,077 [Worker-23] WARN  o.e.m.c.i.embedder.EclipseLogger - Using platform encoding (GBK actually) to copy filtered resources, i.e. build is platform dependent!
2019-04-12 14:50:53,087 [Worker-23] INFO  o.e.m.c.i.embedder.EclipseLogger - Copying 0 resource
2019-04-12 14:50:53,089 [Worker-23] WARN  o.e.m.c.i.embedder.EclipseLogger - Using platform encoding (GBK actually) to copy filtered resources, i.e. build is platform dependent!
2019-04-12 14:50:53,097 [Worker-23] INFO  o.e.m.c.i.embedder.EclipseLogger - Copying 0 resource
2019-04-12 14:51:46,219 [Worker-16] WARN  o.e.m.c.i.embedder.EclipseLogger - Using platform encoding (GBK actually) to copy filtered resources, i.e. build is platform dependent!
2019-04-12 14:51:46,232 [Worker-16] INFO  o.e.m.c.i.embedder.EclipseLogger - Copying 0 resource
2019-04-12 14:51:46,234 [Worker-16] WARN  o.e.m.c.i.embedder.EclipseLogger - Using platform encoding (GBK actually) to copy filtered resources, i.e. build is platform dependent!
2019-04-12 14:51:46,246 [Worker-16] INFO  o.e.m.c.i.embedder.EclipseLogger - Copying 0 resource
2019-04-12 14:54:33,350 [Worker-22] WARN  o.e.m.c.i.embedder.EclipseLogger - Using platform encoding (GBK actually) to copy filtered resources, i.e. build is platform dependent!
2019-04-12 14:54:33,357 [Worker-22] INFO  o.e.m.c.i.embedder.EclipseLogger - Copying 0 resource
2019-04-12 14:54:33,358 [Worker-22] WARN  o.e.m.c.i.embedder.EclipseLogger - Using platform encoding (GBK actually) to copy filtered resources, i.e. build is platform dependent!
2019-04-12 14:54:33,365 [Worker-22] INFO  o.e.m.c.i.embedder.EclipseLogger - Copying 0 resource
2019-04-12 14:54:42,056 [Worker-23] WARN  o.e.m.c.i.embedder.EclipseLogger - Using platform encoding (GBK actually) to copy filtered resources, i.e. build is platform dependent!
2019-04-12 14:54:42,073 [Worker-23] INFO  o.e.m.c.i.embedder.EclipseLogger - Copying 0 resource
2019-04-12 14:54:42,076 [Worker-23] WARN  o.e.m.c.i.embedder.EclipseLogger - Using platform encoding (GBK actually) to copy filtered resources, i.e. build is platform dependent!
2019-04-12 14:54:42,096 [Worker-23] INFO  o.e.m.c.i.embedder.EclipseLogger - Copying 0 resource
2019-04-12 14:55:56,325 [Worker-23] WARN  o.e.m.c.i.embedder.EclipseLogger - Using platform encoding (GBK actually) to copy filtered resources, i.e. build is platform dependent!
2019-04-12 14:55:56,334 [Worker-23] INFO  o.e.m.c.i.embedder.EclipseLogger - Copying 0 resource
2019-04-12 14:55:56,336 [Worker-23] WARN  o.e.m.c.i.embedder.EclipseLogger - Using platform encoding (GBK actually) to copy filtered resources, i.e. build is platform dependent!
2019-04-12 14:55:56,341 [Worker-23] INFO  o.e.m.c.i.embedder.EclipseLogger - Copying 0 resource
2019-04-12 14:56:10,781 [Worker-23] WARN  o.e.m.c.i.embedder.EclipseLogger - Using platform encoding (GBK actually) to copy filtered resources, i.e. build is platform dependent!
2019-04-12 14:56:10,794 [Worker-23] INFO  o.e.m.c.i.embedder.EclipseLogger - Copying 0 resource
2019-04-12 14:56:10,798 [Worker-23] WARN  o.e.m.c.i.embedder.EclipseLogger - Using platform encoding (GBK actually) to copy filtered resources, i.e. build is platform dependent!
2019-04-12 14:56:10,812 [Worker-23] INFO  o.e.m.c.i.embedder.EclipseLogger - Copying 0 resource
2019-04-12 15:00:17,044 [Worker-31] INFO  o.e.m.c.i.l.LifecycleMappingFactory - Using org.maven.ide.eclipse.wtp.WarLifecycleMapping lifecycle mapping for MavenProject: com.cossm.test:redpacket:0.0.1-SNAPSHOT @ D:\Ecliproject5_red\redpacket\pom.xml.
2019-04-12 15:00:23,901 [Worker-31] WARN  o.e.m.c.i.embedder.EclipseLogger - Using platform encoding (GBK actually) to copy filtered resources, i.e. build is platform dependent!
2019-04-12 15:00:23,910 [Worker-31] INFO  o.e.m.c.i.embedder.EclipseLogger - Copying 0 resource
2019-04-12 15:00:23,912 [Worker-31] WARN  o.e.m.c.i.embedder.EclipseLogger - Using platform encoding (GBK actually) to copy filtered resources, i.e. build is platform dependent!
2019-04-12 15:00:23,919 [Worker-31] INFO  o.e.m.c.i.embedder.EclipseLogger - Copying 0 resource
2019-04-12 15:00:23,920 [Worker-31] INFO  o.e.m.w.i.f.ResourceFilteringBuildParticipant - Changed resources require a complete clean of filtered resources of redpacket
2019-04-12 15:00:23,920 [Worker-31] INFO  o.e.m.w.i.f.ResourceFilteringBuildParticipant - Executing resource filtering for redpacket
2019-04-12 15:00:23,925 [Worker-31] WARN  o.e.m.c.i.embedder.EclipseLogger - Using platform encoding (GBK actually) to copy filtered resources, i.e. build is platform dependent!
2019-04-12 15:00:24,710 [Worker-30] WARN  o.e.m.c.i.embedder.EclipseLogger - Using platform encoding (GBK actually) to copy filtered resources, i.e. build is platform dependent!
2019-04-12 15:00:24,720 [Worker-30] INFO  o.e.m.c.i.embedder.EclipseLogger - Copying 0 resource
2019-04-12 15:00:24,723 [Worker-30] WARN  o.e.m.c.i.embedder.EclipseLogger - Using platform encoding (GBK actually) to copy filtered resources, i.e. build is platform dependent!
2019-04-12 15:00:24,733 [Worker-30] INFO  o.e.m.c.i.embedder.EclipseLogger - Copying 0 resource
2019-04-12 15:00:58,147 [Worker-30] WARN  o.e.m.c.i.embedder.EclipseLogger - Using platform encoding (GBK actually) to copy filtered resources, i.e. build is platform dependent!
2019-04-12 15:00:58,152 [Worker-30] INFO  o.e.m.c.i.embedder.EclipseLogger - Copying 0 resource
2019-04-12 15:00:58,153 [Worker-30] WARN  o.e.m.c.i.embedder.EclipseLogger - Using platform encoding (GBK actually) to copy filtered resources, i.e. build is platform dependent!
2019-04-12 15:00:58,159 [Worker-30] INFO  o.e.m.c.i.embedder.EclipseLogger - Copying 0 resource
2019-04-12 15:02:23,872 [Worker-34] WARN  o.e.m.c.i.embedder.EclipseLogger - Using platform encoding (GBK actually) to copy filtered resources, i.e. build is platform dependent!
2019-04-12 15:02:23,883 [Worker-34] INFO  o.e.m.c.i.embedder.EclipseLogger - Copying 0 resource
2019-04-12 15:02:23,885 [Worker-34] WARN  o.e.m.c.i.embedder.EclipseLogger - Using platform encoding (GBK actually) to copy filtered resources, i.e. build is platform dependent!
2019-04-12 15:02:23,897 [Worker-34] INFO  o.e.m.c.i.embedder.EclipseLogger - Copying 0 resource
2019-04-12 15:04:26,768 [Worker-33] WARN  o.e.m.c.i.embedder.EclipseLogger - Using platform encoding (GBK actually) to copy filtered resources, i.e. build is platform dependent!
2019-04-12 15:04:26,782 [Worker-33] INFO  o.e.m.c.i.embedder.EclipseLogger - Copying 0 resource
2019-04-12 15:04:26,783 [Worker-33] WARN  o.e.m.c.i.embedder.EclipseLogger - Using platform encoding (GBK actually) to copy filtered resources, i.e. build is platform dependent!
2019-04-12 15:04:26,794 [Worker-33] INFO  o.e.m.c.i.embedder.EclipseLogger - Copying 0 resource
2019-04-12 15:05:11,456 [Worker-31] WARN  o.e.m.c.i.embedder.EclipseLogger - Using platform encoding (GBK actually) to copy filtered resources, i.e. build is platform dependent!
2019-04-12 15:05:11,462 [Worker-31] INFO  o.e.m.c.i.embedder.EclipseLogger - Copying 0 resource
2019-04-12 15:05:11,464 [Worker-31] WARN  o.e.m.c.i.embedder.EclipseLogger - Using platform encoding (GBK actually) to copy filtered resources, i.e. build is platform dependent!
2019-04-12 15:05:11,470 [Worker-31] INFO  o.e.m.c.i.embedder.EclipseLogger - Copying 0 resource
2019-04-12 15:06:03,431 [Worker-22] WARN  o.e.m.c.i.embedder.EclipseLogger - Using platform encoding (GBK actually) to copy filtered resources, i.e. build is platform dependent!
2019-04-12 15:06:03,438 [Worker-22] INFO  o.e.m.c.i.embedder.EclipseLogger - Copying 0 resource
2019-04-12 15:06:03,439 [Worker-22] WARN  o.e.m.c.i.embedder.EclipseLogger - Using platform encoding (GBK actually) to copy filtered resources, i.e. build is platform dependent!
2019-04-12 15:06:03,445 [Worker-22] INFO  o.e.m.c.i.embedder.EclipseLogger - Copying 0 resource
2019-04-12 15:06:44,933 [Worker-32] WARN  o.e.m.c.i.embedder.EclipseLogger - Using platform encoding (GBK actually) to copy filtered resources, i.e. build is platform dependent!
2019-04-12 15:06:44,940 [Worker-32] INFO  o.e.m.c.i.embedder.EclipseLogger - Copying 0 resource
2019-04-12 15:06:44,942 [Worker-32] WARN  o.e.m.c.i.embedder.EclipseLogger - Using platform encoding (GBK actually) to copy filtered resources, i.e. build is platform dependent!
2019-04-12 15:06:44,948 [Worker-32] INFO  o.e.m.c.i.embedder.EclipseLogger - Copying 0 resource
2019-04-12 15:07:25,809 [Worker-36] WARN  o.e.m.c.i.embedder.EclipseLogger - Using platform encoding (GBK actually) to copy filtered resources, i.e. build is platform dependent!
2019-04-12 15:07:25,830 [Worker-36] INFO  o.e.m.c.i.embedder.EclipseLogger - Copying 0 resource
2019-04-12 15:07:25,836 [Worker-36] WARN  o.e.m.c.i.embedder.EclipseLogger - Using platform encoding (GBK actually) to copy filtered resources, i.e. build is platform dependent!
2019-04-12 15:07:25,852 [Worker-36] INFO  o.e.m.c.i.embedder.EclipseLogger - Copying 0 resource
2019-04-12 15:07:26,932 [Worker-31] WARN  o.e.m.c.i.embedder.EclipseLogger - Using platform encoding (GBK actually) to copy filtered resources, i.e. build is platform dependent!
2019-04-12 15:07:26,943 [Worker-31] INFO  o.e.m.c.i.embedder.EclipseLogger - Copying 0 resource
2019-04-12 15:07:26,946 [Worker-31] WARN  o.e.m.c.i.embedder.EclipseLogger - Using platform encoding (GBK actually) to copy filtered resources, i.e. build is platform dependent!
2019-04-12 15:07:26,957 [Worker-31] INFO  o.e.m.c.i.embedder.EclipseLogger - Copying 0 resource
2019-04-12 15:07:43,704 [Worker-22] WARN  o.e.m.c.i.embedder.EclipseLogger - Using platform encoding (GBK actually) to copy filtered resources, i.e. build is platform dependent!
2019-04-12 15:07:43,712 [Worker-22] INFO  o.e.m.c.i.embedder.EclipseLogger - Copying 0 resource
2019-04-12 15:07:43,714 [Worker-22] WARN  o.e.m.c.i.embedder.EclipseLogger - Using platform encoding (GBK actually) to copy filtered resources, i.e. build is platform dependent!
2019-04-12 15:07:43,719 [Worker-22] INFO  o.e.m.c.i.embedder.EclipseLogger - Copying 0 resource
2019-04-12 15:08:03,911 [Worker-37] WARN  o.e.m.c.i.embedder.EclipseLogger - Using platform encoding (GBK actually) to copy filtered resources, i.e. build is platform dependent!
2019-04-12 15:08:03,923 [Worker-37] INFO  o.e.m.c.i.embedder.EclipseLogger - Copying 0 resource
2019-04-12 15:08:03,925 [Worker-37] WARN  o.e.m.c.i.embedder.EclipseLogger - Using platform encoding (GBK actually) to copy filtered resources, i.e. build is platform dependent!
2019-04-12 15:08:03,935 [Worker-37] INFO  o.e.m.c.i.embedder.EclipseLogger - Copying 0 resource
2019-04-12 15:09:19,199 [Worker-22] WARN  o.e.m.c.i.embedder.EclipseLogger - Using platform encoding (GBK actually) to copy filtered resources, i.e. build is platform dependent!
2019-04-12 15:09:19,212 [Worker-22] INFO  o.e.m.c.i.embedder.EclipseLogger - Copying 0 resource
2019-04-12 15:09:19,213 [Worker-22] WARN  o.e.m.c.i.embedder.EclipseLogger - Using platform encoding (GBK actually) to copy filtered resources, i.e. build is platform dependent!
2019-04-12 15:09:19,223 [Worker-22] INFO  o.e.m.c.i.embedder.EclipseLogger - Copying 0 resource
2019-04-12 15:10:27,187 [Worker-35] WARN  o.e.m.c.i.embedder.EclipseLogger - Using platform encoding (GBK actually) to copy filtered resources, i.e. build is platform dependent!
2019-04-12 15:10:27,198 [Worker-35] INFO  o.e.m.c.i.embedder.EclipseLogger - Copying 0 resource
2019-04-12 15:10:27,200 [Worker-35] WARN  o.e.m.c.i.embedder.EclipseLogger - Using platform encoding (GBK actually) to copy filtered resources, i.e. build is platform dependent!
2019-04-12 15:10:27,211 [Worker-35] INFO  o.e.m.c.i.embedder.EclipseLogger - Copying 0 resource
2019-04-12 15:11:03,508 [Worker-38] WARN  o.e.m.c.i.embedder.EclipseLogger - Using platform encoding (GBK actually) to copy filtered resources, i.e. build is platform dependent!
2019-04-12 15:11:03,521 [Worker-38] INFO  o.e.m.c.i.embedder.EclipseLogger - Copying 0 resource
2019-04-12 15:11:03,523 [Worker-38] WARN  o.e.m.c.i.embedder.EclipseLogger - Using platform encoding (GBK actually) to copy filtered resources, i.e. build is platform dependent!
2019-04-12 15:11:03,533 [Worker-38] INFO  o.e.m.c.i.embedder.EclipseLogger - Copying 0 resource
2019-04-12 15:11:50,954 [Worker-31] WARN  o.e.m.c.i.embedder.EclipseLogger - Using platform encoding (GBK actually) to copy filtered resources, i.e. build is platform dependent!
2019-04-12 15:11:50,960 [Worker-31] INFO  o.e.m.c.i.embedder.EclipseLogger - Copying 0 resource
2019-04-12 15:11:50,963 [Worker-31] WARN  o.e.m.c.i.embedder.EclipseLogger - Using platform encoding (GBK actually) to copy filtered resources, i.e. build is platform dependent!
2019-04-12 15:11:50,968 [Worker-31] INFO  o.e.m.c.i.embedder.EclipseLogger - Copying 0 resource
2019-04-12 15:12:59,319 [Worker-22] WARN  o.e.m.c.i.embedder.EclipseLogger - Using platform encoding (GBK actually) to copy filtered resources, i.e. build is platform dependent!
2019-04-12 15:12:59,324 [Worker-22] INFO  o.e.m.c.i.embedder.EclipseLogger - Copying 0 resource
2019-04-12 15:12:59,325 [Worker-22] WARN  o.e.m.c.i.embedder.EclipseLogger - Using platform encoding (GBK actually) to copy filtered resources, i.e. build is platform dependent!
2019-04-12 15:12:59,331 [Worker-22] INFO  o.e.m.c.i.embedder.EclipseLogger - Copying 0 resource
2019-04-12 15:16:13,086 [Worker-41] WARN  o.e.m.c.i.embedder.EclipseLogger - Using platform encoding (GBK actually) to copy filtered resources, i.e. build is platform dependent!
2019-04-12 15:16:13,105 [Worker-41] INFO  o.e.m.c.i.embedder.EclipseLogger - Copying 0 resource
2019-04-12 15:16:13,107 [Worker-41] WARN  o.e.m.c.i.embedder.EclipseLogger - Using platform encoding (GBK actually) to copy filtered resources, i.e. build is platform dependent!
2019-04-12 15:16:13,118 [Worker-41] INFO  o.e.m.c.i.embedder.EclipseLogger - Copying 0 resource
2019-04-12 15:16:50,321 [Worker-41] WARN  o.e.m.c.i.embedder.EclipseLogger - Using platform encoding (GBK actually) to copy filtered resources, i.e. build is platform dependent!
2019-04-12 15:16:50,327 [Worker-41] INFO  o.e.m.c.i.embedder.EclipseLogger - Copying 0 resource
2019-04-12 15:16:50,328 [Worker-41] WARN  o.e.m.c.i.embedder.EclipseLogger - Using platform encoding (GBK actually) to copy filtered resources, i.e. build is platform dependent!
2019-04-12 15:16:50,333 [Worker-41] INFO  o.e.m.c.i.embedder.EclipseLogger - Copying 0 resource
2019-04-12 15:17:20,490 [Worker-42] WARN  o.e.m.c.i.embedder.EclipseLogger - Using platform encoding (GBK actually) to copy filtered resources, i.e. build is platform dependent!
2019-04-12 15:17:20,509 [Worker-42] INFO  o.e.m.c.i.embedder.EclipseLogger - Copying 0 resource
2019-04-12 15:17:20,512 [Worker-42] WARN  o.e.m.c.i.embedder.EclipseLogger - Using platform encoding (GBK actually) to copy filtered resources, i.e. build is platform dependent!
2019-04-12 15:17:20,543 [Worker-42] INFO  o.e.m.c.i.embedder.EclipseLogger - Copying 0 resource
2019-04-12 15:17:51,467 [Worker-36] WARN  o.e.m.c.i.embedder.EclipseLogger - Using platform encoding (GBK actually) to copy filtered resources, i.e. build is platform dependent!
2019-04-12 15:17:51,481 [Worker-36] INFO  o.e.m.c.i.embedder.EclipseLogger - Copying 0 resource
2019-04-12 15:17:51,483 [Worker-36] WARN  o.e.m.c.i.embedder.EclipseLogger - Using platform encoding (GBK actually) to copy filtered resources, i.e. build is platform dependent!
2019-04-12 15:17:51,494 [Worker-36] INFO  o.e.m.c.i.embedder.EclipseLogger - Copying 0 resource
2019-04-12 15:18:22,271 [Worker-40] WARN  o.e.m.c.i.embedder.EclipseLogger - Using platform encoding (GBK actually) to copy filtered resources, i.e. build is platform dependent!
2019-04-12 15:18:22,276 [Worker-40] INFO  o.e.m.c.i.embedder.EclipseLogger - Copying 0 resource
2019-04-12 15:18:22,277 [Worker-40] WARN  o.e.m.c.i.embedder.EclipseLogger - Using platform encoding (GBK actually) to copy filtered resources, i.e. build is platform dependent!
2019-04-12 15:18:22,285 [Worker-40] INFO  o.e.m.c.i.embedder.EclipseLogger - Copying 0 resource
2019-04-12 15:19:00,814 [Worker-40] WARN  o.e.m.c.i.embedder.EclipseLogger - Using platform encoding (GBK actually) to copy filtered resources, i.e. build is platform dependent!
2019-04-12 15:19:00,835 [Worker-40] INFO  o.e.m.c.i.embedder.EclipseLogger - Copying 0 resource
2019-04-12 15:19:00,840 [Worker-40] WARN  o.e.m.c.i.embedder.EclipseLogger - Using platform encoding (GBK actually) to copy filtered resources, i.e. build is platform dependent!
2019-04-12 15:19:00,863 [Worker-40] INFO  o.e.m.c.i.embedder.EclipseLogger - Copying 0 resource
2019-04-12 15:19:50,888 [Worker-40] WARN  o.e.m.c.i.embedder.EclipseLogger - Using platform encoding (GBK actually) to copy filtered resources, i.e. build is platform dependent!
2019-04-12 15:19:50,894 [Worker-40] INFO  o.e.m.c.i.embedder.EclipseLogger - Copying 0 resource
2019-04-12 15:19:50,896 [Worker-40] WARN  o.e.m.c.i.embedder.EclipseLogger - Using platform encoding (GBK actually) to copy filtered resources, i.e. build is platform dependent!
2019-04-12 15:19:50,901 [Worker-40] INFO  o.e.m.c.i.embedder.EclipseLogger - Copying 0 resource
2019-04-12 15:20:41,271 [Worker-40] WARN  o.e.m.c.i.embedder.EclipseLogger - Using platform encoding (GBK actually) to copy filtered resources, i.e. build is platform dependent!
2019-04-12 15:20:41,277 [Worker-40] INFO  o.e.m.c.i.embedder.EclipseLogger - Copying 0 resource
2019-04-12 15:20:41,278 [Worker-40] WARN  o.e.m.c.i.embedder.EclipseLogger - Using platform encoding (GBK actually) to copy filtered resources, i.e. build is platform dependent!
2019-04-12 15:20:41,283 [Worker-40] INFO  o.e.m.c.i.embedder.EclipseLogger - Copying 0 resource
2019-04-12 15:20:58,383 [Worker-42] WARN  o.e.m.c.i.embedder.EclipseLogger - Using platform encoding (GBK actually) to copy filtered resources, i.e. build is platform dependent!
2019-04-12 15:20:58,405 [Worker-42] INFO  o.e.m.c.i.embedder.EclipseLogger - Copying 0 resource
2019-04-12 15:20:58,409 [Worker-42] WARN  o.e.m.c.i.embedder.EclipseLogger - Using platform encoding (GBK actually) to copy filtered resources, i.e. build is platform dependent!
2019-04-12 15:20:58,435 [Worker-42] INFO  o.e.m.c.i.embedder.EclipseLogger - Copying 0 resource
2019-04-12 15:21:05,619 [Worker-43] WARN  o.e.m.c.i.embedder.EclipseLogger - Using platform encoding (GBK actually) to copy filtered resources, i.e. build is platform dependent!
2019-04-12 15:21:05,631 [Worker-43] INFO  o.e.m.c.i.embedder.EclipseLogger - Copying 0 resource
2019-04-12 15:21:05,633 [Worker-43] WARN  o.e.m.c.i.embedder.EclipseLogger - Using platform encoding (GBK actually) to copy filtered resources, i.e. build is platform dependent!
2019-04-12 15:21:05,648 [Worker-43] INFO  o.e.m.c.i.embedder.EclipseLogger - Copying 0 resource
2019-04-12 15:22:52,468 [Worker-36] WARN  o.e.m.c.i.embedder.EclipseLogger - Using platform encoding (GBK actually) to copy filtered resources, i.e. build is platform dependent!
2019-04-12 15:22:52,474 [Worker-36] INFO  o.e.m.c.i.embedder.EclipseLogger - Copying 0 resource
2019-04-12 15:22:52,475 [Worker-36] WARN  o.e.m.c.i.embedder.EclipseLogger - Using platform encoding (GBK actually) to copy filtered resources, i.e. build is platform dependent!
2019-04-12 15:22:52,480 [Worker-36] INFO  o.e.m.c.i.embedder.EclipseLogger - Copying 0 resource
2019-04-12 15:23:01,608 [Worker-40] WARN  o.e.m.c.i.embedder.EclipseLogger - Using platform encoding (GBK actually) to copy filtered resources, i.e. build is platform dependent!
2019-04-12 15:23:01,624 [Worker-40] INFO  o.e.m.c.i.embedder.EclipseLogger - Copying 0 resource
2019-04-12 15:23:01,627 [Worker-40] WARN  o.e.m.c.i.embedder.EclipseLogger - Using platform encoding (GBK actually) to copy filtered resources, i.e. build is platform dependent!
2019-04-12 15:23:01,644 [Worker-40] INFO  o.e.m.c.i.embedder.EclipseLogger - Copying 0 resource
2019-04-12 15:24:58,951 [Worker-49] WARN  o.e.m.c.i.embedder.EclipseLogger - Using platform encoding (GBK actually) to copy filtered resources, i.e. build is platform dependent!
2019-04-12 15:24:58,959 [Worker-49] INFO  o.e.m.c.i.embedder.EclipseLogger - Copying 0 resource
2019-04-12 15:24:58,960 [Worker-49] WARN  o.e.m.c.i.embedder.EclipseLogger - Using platform encoding (GBK actually) to copy filtered resources, i.e. build is platform dependent!
2019-04-12 15:24:58,966 [Worker-49] INFO  o.e.m.c.i.embedder.EclipseLogger - Copying 0 resource
2019-04-12 15:25:19,485 [Worker-40] WARN  o.e.m.c.i.embedder.EclipseLogger - Using platform encoding (GBK actually) to copy filtered resources, i.e. build is platform dependent!
2019-04-12 15:25:19,503 [Worker-40] INFO  o.e.m.c.i.embedder.EclipseLogger - Copying 0 resource
2019-04-12 15:25:19,506 [Worker-40] WARN  o.e.m.c.i.embedder.EclipseLogger - Using platform encoding (GBK actually) to copy filtered resources, i.e. build is platform dependent!
2019-04-12 15:25:19,524 [Worker-40] INFO  o.e.m.c.i.embedder.EclipseLogger - Copying 0 resource
2019-04-12 15:25:30,347 [Worker-47] WARN  o.e.m.c.i.embedder.EclipseLogger - Using platform encoding (GBK actually) to copy filtered resources, i.e. build is platform dependent!
2019-04-12 15:25:30,363 [Worker-47] INFO  o.e.m.c.i.embedder.EclipseLogger - Copying 0 resource
2019-04-12 15:25:30,368 [Worker-47] WARN  o.e.m.c.i.embedder.EclipseLogger - Using platform encoding (GBK actually) to copy filtered resources, i.e. build is platform dependent!
2019-04-12 15:25:30,385 [Worker-47] INFO  o.e.m.c.i.embedder.EclipseLogger - Copying 0 resource
2019-04-12 15:26:27,023 [Worker-40] WARN  o.e.m.c.i.embedder.EclipseLogger - Using platform encoding (GBK actually) to copy filtered resources, i.e. build is platform dependent!
2019-04-12 15:26:27,039 [Worker-40] INFO  o.e.m.c.i.embedder.EclipseLogger - Copying 0 resource
2019-04-12 15:26:27,041 [Worker-40] WARN  o.e.m.c.i.embedder.EclipseLogger - Using platform encoding (GBK actually) to copy filtered resources, i.e. build is platform dependent!
2019-04-12 15:26:27,051 [Worker-40] INFO  o.e.m.c.i.embedder.EclipseLogger - Copying 0 resource
2019-04-12 15:27:09,026 [Worker-50] WARN  o.e.m.c.i.embedder.EclipseLogger - Using platform encoding (GBK actually) to copy filtered resources, i.e. build is platform dependent!
2019-04-12 15:27:09,047 [Worker-50] INFO  o.e.m.c.i.embedder.EclipseLogger - Copying 0 resource
2019-04-12 15:27:09,052 [Worker-50] WARN  o.e.m.c.i.embedder.EclipseLogger - Using platform encoding (GBK actually) to copy filtered resources, i.e. build is platform dependent!
2019-04-12 15:27:09,074 [Worker-50] INFO  o.e.m.c.i.embedder.EclipseLogger - Copying 0 resource
2019-04-12 15:29:12,166 [Worker-51] WARN  o.e.m.c.i.embedder.EclipseLogger - Using platform encoding (GBK actually) to copy filtered resources, i.e. build is platform dependent!
2019-04-12 15:29:12,186 [Worker-51] INFO  o.e.m.c.i.embedder.EclipseLogger - Copying 0 resource
2019-04-12 15:29:12,189 [Worker-51] WARN  o.e.m.c.i.embedder.EclipseLogger - Using platform encoding (GBK actually) to copy filtered resources, i.e. build is platform dependent!
2019-04-12 15:29:12,206 [Worker-51] INFO  o.e.m.c.i.embedder.EclipseLogger - Copying 0 resource
2019-04-12 15:30:19,368 [Worker-54] WARN  o.e.m.c.i.embedder.EclipseLogger - Using platform encoding (GBK actually) to copy filtered resources, i.e. build is platform dependent!
2019-04-12 15:30:19,389 [Worker-54] INFO  o.e.m.c.i.embedder.EclipseLogger - Copying 0 resource
2019-04-12 15:30:19,393 [Worker-54] WARN  o.e.m.c.i.embedder.EclipseLogger - Using platform encoding (GBK actually) to copy filtered resources, i.e. build is platform dependent!
2019-04-12 15:30:19,411 [Worker-54] INFO  o.e.m.c.i.embedder.EclipseLogger - Copying 0 resource
2019-04-12 15:34:40,772 [Worker-53] WARN  o.e.m.c.i.embedder.EclipseLogger - Using platform encoding (GBK actually) to copy filtered resources, i.e. build is platform dependent!
2019-04-12 15:34:40,786 [Worker-53] INFO  o.e.m.c.i.embedder.EclipseLogger - Copying 0 resource
2019-04-12 15:34:40,790 [Worker-53] WARN  o.e.m.c.i.embedder.EclipseLogger - Using platform encoding (GBK actually) to copy filtered resources, i.e. build is platform dependent!
2019-04-12 15:34:40,802 [Worker-53] INFO  o.e.m.c.i.embedder.EclipseLogger - Copying 0 resource
2019-04-12 15:34:50,934 [Worker-47] WARN  o.e.m.c.i.embedder.EclipseLogger - Using platform encoding (GBK actually) to copy filtered resources, i.e. build is platform dependent!
2019-04-12 15:34:50,951 [Worker-47] INFO  o.e.m.c.i.embedder.EclipseLogger - Copying 0 resource
2019-04-12 15:34:50,954 [Worker-47] WARN  o.e.m.c.i.embedder.EclipseLogger - Using platform encoding (GBK actually) to copy filtered resources, i.e. build is platform dependent!
2019-04-12 15:34:50,973 [Worker-47] INFO  o.e.m.c.i.embedder.EclipseLogger - Copying 0 resource
2019-04-12 15:37:43,085 [Worker-53] WARN  o.e.m.c.i.embedder.EclipseLogger - Using platform encoding (GBK actually) to copy filtered resources, i.e. build is platform dependent!
2019-04-12 15:37:43,095 [Worker-53] INFO  o.e.m.c.i.embedder.EclipseLogger - Copying 0 resource
2019-04-12 15:37:43,096 [Worker-53] WARN  o.e.m.c.i.embedder.EclipseLogger - Using platform encoding (GBK actually) to copy filtered resources, i.e. build is platform dependent!
2019-04-12 15:37:43,107 [Worker-53] INFO  o.e.m.c.i.embedder.EclipseLogger - Copying 0 resource
2019-04-12 15:37:51,237 [Worker-60] WARN  o.e.m.c.i.embedder.EclipseLogger - Using platform encoding (GBK actually) to copy filtered resources, i.e. build is platform dependent!
2019-04-12 15:37:51,262 [Worker-60] INFO  o.e.m.c.i.embedder.EclipseLogger - Copying 0 resource
2019-04-12 15:37:51,266 [Worker-60] WARN  o.e.m.c.i.embedder.EclipseLogger - Using platform encoding (GBK actually) to copy filtered resources, i.e. build is platform dependent!
2019-04-12 15:37:51,285 [Worker-60] INFO  o.e.m.c.i.embedder.EclipseLogger - Copying 0 resource
2019-04-12 15:40:37,159 [Worker-47] WARN  o.e.m.c.i.embedder.EclipseLogger - Using platform encoding (GBK actually) to copy filtered resources, i.e. build is platform dependent!
2019-04-12 15:40:37,169 [Worker-47] INFO  o.e.m.c.i.embedder.EclipseLogger - Copying 0 resource
2019-04-12 15:40:37,171 [Worker-47] WARN  o.e.m.c.i.embedder.EclipseLogger - Using platform encoding (GBK actually) to copy filtered resources, i.e. build is platform dependent!
2019-04-12 15:40:37,181 [Worker-47] INFO  o.e.m.c.i.embedder.EclipseLogger - Copying 0 resource
2019-04-12 15:43:14,315 [Worker-61] WARN  o.e.m.c.i.embedder.EclipseLogger - Using platform encoding (GBK actually) to copy filtered resources, i.e. build is platform dependent!
2019-04-12 15:43:14,328 [Worker-61] INFO  o.e.m.c.i.embedder.EclipseLogger - Copying 0 resource
2019-04-12 15:43:14,330 [Worker-61] WARN  o.e.m.c.i.embedder.EclipseLogger - Using platform encoding (GBK actually) to copy filtered resources, i.e. build is platform dependent!
2019-04-12 15:43:14,341 [Worker-61] INFO  o.e.m.c.i.embedder.EclipseLogger - Copying 0 resource
2019-04-12 15:45:05,435 [Worker-62] WARN  o.e.m.c.i.embedder.EclipseLogger - Using platform encoding (GBK actually) to copy filtered resources, i.e. build is platform dependent!
2019-04-12 15:45:05,454 [Worker-62] INFO  o.e.m.c.i.embedder.EclipseLogger - Copying 0 resource
2019-04-12 15:45:05,457 [Worker-62] WARN  o.e.m.c.i.embedder.EclipseLogger - Using platform encoding (GBK actually) to copy filtered resources, i.e. build is platform dependent!
2019-04-12 15:45:05,475 [Worker-62] INFO  o.e.m.c.i.embedder.EclipseLogger - Copying 0 resource
2019-04-12 15:45:45,406 [Worker-70] WARN  o.e.m.c.i.embedder.EclipseLogger - Using platform encoding (GBK actually) to copy filtered resources, i.e. build is platform dependent!
2019-04-12 15:45:45,417 [Worker-70] INFO  o.e.m.c.i.embedder.EclipseLogger - Copying 0 resource
2019-04-12 15:45:45,418 [Worker-70] WARN  o.e.m.c.i.embedder.EclipseLogger - Using platform encoding (GBK actually) to copy filtered resources, i.e. build is platform dependent!
2019-04-12 15:45:45,429 [Worker-70] INFO  o.e.m.c.i.embedder.EclipseLogger - Copying 0 resource
2019-04-12 15:47:14,993 [Worker-71] WARN  o.e.m.c.i.embedder.EclipseLogger - Using platform encoding (GBK actually) to copy filtered resources, i.e. build is platform dependent!
2019-04-12 15:47:15,004 [Worker-71] INFO  o.e.m.c.i.embedder.EclipseLogger - Copying 0 resource
2019-04-12 15:47:15,006 [Worker-71] WARN  o.e.m.c.i.embedder.EclipseLogger - Using platform encoding (GBK actually) to copy filtered resources, i.e. build is platform dependent!
2019-04-12 15:47:15,016 [Worker-71] INFO  o.e.m.c.i.embedder.EclipseLogger - Copying 0 resource
2019-04-12 15:52:13,889 [Worker-73] WARN  o.e.m.c.i.embedder.EclipseLogger - Using platform encoding (GBK actually) to copy filtered resources, i.e. build is platform dependent!
2019-04-12 15:52:13,900 [Worker-73] INFO  o.e.m.c.i.embedder.EclipseLogger - Copying 0 resource
2019-04-12 15:52:13,902 [Worker-73] WARN  o.e.m.c.i.embedder.EclipseLogger - Using platform encoding (GBK actually) to copy filtered resources, i.e. build is platform dependent!
2019-04-12 15:52:13,913 [Worker-73] INFO  o.e.m.c.i.embedder.EclipseLogger - Copying 0 resource
2019-04-12 16:07:43,978 [Worker-73] WARN  o.e.m.c.i.embedder.EclipseLogger - Using platform encoding (GBK actually) to copy filtered resources, i.e. build is platform dependent!
2019-04-12 16:07:43,995 [Worker-73] INFO  o.e.m.c.i.embedder.EclipseLogger - Copying 0 resource
2019-04-12 16:07:43,999 [Worker-73] WARN  o.e.m.c.i.embedder.EclipseLogger - Using platform encoding (GBK actually) to copy filtered resources, i.e. build is platform dependent!
2019-04-12 16:07:44,015 [Worker-73] INFO  o.e.m.c.i.embedder.EclipseLogger - Copying 0 resource
2019-04-12 16:15:14,778 [Worker-88] INFO  o.e.m.c.i.l.LifecycleMappingFactory - Using org.maven.ide.eclipse.wtp.WarLifecycleMapping lifecycle mapping for MavenProject: com.cossm.test:redpacket:0.0.1-SNAPSHOT @ D:\Ecliproject5_red\redpacket\pom.xml.
2019-04-12 16:15:16,412 [Worker-88] INFO  o.e.m.c.i.e.AbstractTransferListenerAdapter - Downloading http://maven.aliyun.com/nexus/content/groups/public/org/springframework/data/spring-data-redis/1.8.20.RELEASE/spring-data-redis-1.8.20.RELEASE.pom
2019-04-12 16:15:16,844 [Worker-88] INFO  o.e.m.c.i.e.AbstractTransferListenerAdapter - Downloaded http://maven.aliyun.com/nexus/content/groups/public/org/springframework/data/spring-data-redis/1.8.20.RELEASE/spring-data-redis-1.8.20.RELEASE.pom
2019-04-12 16:15:17,616 [Worker-88] INFO  o.e.m.c.i.e.AbstractTransferListenerAdapter - Downloading http://maven.aliyun.com/nexus/content/groups/public/org/springframework/data/build/spring-data-parent/1.9.20.RELEASE/spring-data-parent-1.9.20.RELEASE.pom
2019-04-12 16:15:18,072 [Worker-88] INFO  o.e.m.c.i.e.AbstractTransferListenerAdapter - Downloaded http://maven.aliyun.com/nexus/content/groups/public/org/springframework/data/build/spring-data-parent/1.9.20.RELEASE/spring-data-parent-1.9.20.RELEASE.pom
2019-04-12 16:15:18,653 [Worker-88] INFO  o.e.m.c.i.e.AbstractTransferListenerAdapter - Downloading http://maven.aliyun.com/nexus/content/groups/public/org/springframework/data/build/spring-data-build/1.9.20.RELEASE/spring-data-build-1.9.20.RELEASE.pom
2019-04-12 16:15:18,962 [Worker-88] INFO  o.e.m.c.i.e.AbstractTransferListenerAdapter - Downloaded http://maven.aliyun.com/nexus/content/groups/public/org/springframework/data/build/spring-data-build/1.9.20.RELEASE/spring-data-build-1.9.20.RELEASE.pom
2019-04-12 16:15:19,296 [Worker-88] INFO  o.e.m.c.i.e.AbstractTransferListenerAdapter - Downloading http://maven.aliyun.com/nexus/content/groups/public/org/springframework/spring-framework-bom/4.3.23.RELEASE/spring-framework-bom-4.3.23.RELEASE.pom
2019-04-12 16:15:19,638 [Worker-88] INFO  o.e.m.c.i.e.AbstractTransferListenerAdapter - Downloaded http://maven.aliyun.com/nexus/content/groups/public/org/springframework/spring-framework-bom/4.3.23.RELEASE/spring-framework-bom-4.3.23.RELEASE.pom
2019-04-12 16:15:20,013 [Worker-88] INFO  o.e.m.c.i.e.AbstractTransferListenerAdapter - Downloading http://maven.aliyun.com/nexus/content/groups/public/com/fasterxml/jackson/jackson-bom/2.8.11.20181123/jackson-bom-2.8.11.20181123.pom
2019-04-12 16:15:20,364 [Worker-88] INFO  o.e.m.c.i.e.AbstractTransferListenerAdapter - Downloaded http://maven.aliyun.com/nexus/content/groups/public/com/fasterxml/jackson/jackson-bom/2.8.11.20181123/jackson-bom-2.8.11.20181123.pom
2019-04-12 16:15:20,733 [Worker-88] INFO  o.e.m.c.i.e.AbstractTransferListenerAdapter - Downloading http://maven.aliyun.com/nexus/content/groups/public/org/springframework/data/spring-data-keyvalue/1.2.20.RELEASE/spring-data-keyvalue-1.2.20.RELEASE.pom
2019-04-12 16:15:21,046 [Worker-88] INFO  o.e.m.c.i.e.AbstractTransferListenerAdapter - Downloaded http://maven.aliyun.com/nexus/content/groups/public/org/springframework/data/spring-data-keyvalue/1.2.20.RELEASE/spring-data-keyvalue-1.2.20.RELEASE.pom
2019-04-12 16:15:21,375 [Worker-88] INFO  o.e.m.c.i.e.AbstractTransferListenerAdapter - Downloading http://maven.aliyun.com/nexus/content/groups/public/org/springframework/data/spring-data-commons/1.13.20.RELEASE/spring-data-commons-1.13.20.RELEASE.pom
2019-04-12 16:15:21,758 [Worker-88] INFO  o.e.m.c.i.e.AbstractTransferListenerAdapter - Downloaded http://maven.aliyun.com/nexus/content/groups/public/org/springframework/data/spring-data-commons/1.13.20.RELEASE/spring-data-commons-1.13.20.RELEASE.pom
2019-04-12 16:15:22,123 [Worker-88] INFO  o.e.m.c.i.e.AbstractTransferListenerAdapter - Downloading http://maven.aliyun.com/nexus/content/groups/public/org/springframework/spring-core/4.3.23.RELEASE/spring-core-4.3.23.RELEASE.pom
2019-04-12 16:15:22,450 [Worker-88] INFO  o.e.m.c.i.e.AbstractTransferListenerAdapter - Downloaded http://maven.aliyun.com/nexus/content/groups/public/org/springframework/spring-core/4.3.23.RELEASE/spring-core-4.3.23.RELEASE.pom
2019-04-12 16:15:22,815 [Worker-88] INFO  o.e.m.c.i.e.AbstractTransferListenerAdapter - Downloading http://maven.aliyun.com/nexus/content/groups/public/org/springframework/spring-beans/4.3.23.RELEASE/spring-beans-4.3.23.RELEASE.pom
2019-04-12 16:15:23,163 [Worker-88] INFO  o.e.m.c.i.e.AbstractTransferListenerAdapter - Downloaded http://maven.aliyun.com/nexus/content/groups/public/org/springframework/spring-beans/4.3.23.RELEASE/spring-beans-4.3.23.RELEASE.pom
2019-04-12 16:15:23,645 [Worker-88] INFO  o.e.m.c.i.e.AbstractTransferListenerAdapter - Downloading http://maven.aliyun.com/nexus/content/groups/public/org/slf4j/jcl-over-slf4j/1.7.25/jcl-over-slf4j-1.7.25.pom
2019-04-12 16:15:23,963 [Worker-88] INFO  o.e.m.c.i.e.AbstractTransferListenerAdapter - Downloaded http://maven.aliyun.com/nexus/content/groups/public/org/slf4j/jcl-over-slf4j/1.7.25/jcl-over-slf4j-1.7.25.pom
2019-04-12 16:15:24,573 [Worker-88] INFO  o.e.m.c.i.e.AbstractTransferListenerAdapter - Downloading http://maven.aliyun.com/nexus/content/groups/public/org/springframework/spring-context/4.3.23.RELEASE/spring-context-4.3.23.RELEASE.pom
2019-04-12 16:15:24,927 [Worker-88] INFO  o.e.m.c.i.e.AbstractTransferListenerAdapter - Downloaded http://maven.aliyun.com/nexus/content/groups/public/org/springframework/spring-context/4.3.23.RELEASE/spring-context-4.3.23.RELEASE.pom
2019-04-12 16:15:25,292 [Worker-88] INFO  o.e.m.c.i.e.AbstractTransferListenerAdapter - Downloading http://maven.aliyun.com/nexus/content/groups/public/org/springframework/spring-aop/4.3.23.RELEASE/spring-aop-4.3.23.RELEASE.pom
2019-04-12 16:15:25,670 [Worker-88] INFO  o.e.m.c.i.e.AbstractTransferListenerAdapter - Downloaded http://maven.aliyun.com/nexus/content/groups/public/org/springframework/spring-aop/4.3.23.RELEASE/spring-aop-4.3.23.RELEASE.pom
2019-04-12 16:15:25,999 [Worker-88] INFO  o.e.m.c.i.e.AbstractTransferListenerAdapter - Downloading http://maven.aliyun.com/nexus/content/groups/public/org/springframework/spring-expression/4.3.23.RELEASE/spring-expression-4.3.23.RELEASE.pom
2019-04-12 16:15:26,359 [Worker-88] INFO  o.e.m.c.i.e.AbstractTransferListenerAdapter - Downloaded http://maven.aliyun.com/nexus/content/groups/public/org/springframework/spring-expression/4.3.23.RELEASE/spring-expression-4.3.23.RELEASE.pom
2019-04-12 16:15:26,733 [Worker-88] INFO  o.e.m.c.i.e.AbstractTransferListenerAdapter - Downloading http://maven.aliyun.com/nexus/content/groups/public/org/springframework/spring-tx/4.3.23.RELEASE/spring-tx-4.3.23.RELEASE.pom
2019-04-12 16:15:27,018 [Worker-88] INFO  o.e.m.c.i.e.AbstractTransferListenerAdapter - Downloaded http://maven.aliyun.com/nexus/content/groups/public/org/springframework/spring-tx/4.3.23.RELEASE/spring-tx-4.3.23.RELEASE.pom
2019-04-12 16:15:27,333 [Worker-88] INFO  o.e.m.c.i.e.AbstractTransferListenerAdapter - Downloading http://maven.aliyun.com/nexus/content/groups/public/org/springframework/spring-oxm/4.3.23.RELEASE/spring-oxm-4.3.23.RELEASE.pom
2019-04-12 16:15:27,642 [Worker-88] INFO  o.e.m.c.i.e.AbstractTransferListenerAdapter - Downloaded http://maven.aliyun.com/nexus/content/groups/public/org/springframework/spring-oxm/4.3.23.RELEASE/spring-oxm-4.3.23.RELEASE.pom
2019-04-12 16:15:28,174 [Worker-88] INFO  o.e.m.c.i.e.AbstractTransferListenerAdapter - Downloading http://maven.aliyun.com/nexus/content/groups/public/org/springframework/spring-context-support/4.3.23.RELEASE/spring-context-support-4.3.23.RELEASE.pom
2019-04-12 16:15:28,520 [Worker-88] INFO  o.e.m.c.i.e.AbstractTransferListenerAdapter - Downloaded http://maven.aliyun.com/nexus/content/groups/public/org/springframework/spring-context-support/4.3.23.RELEASE/spring-context-support-4.3.23.RELEASE.pom
2019-04-12 16:15:29,084 [Worker-88] INFO  o.e.m.c.i.e.AbstractTransferListenerAdapter - Downloading http://maven.aliyun.com/nexus/content/groups/public/org/springframework/data/spring-data-redis/1.8.20.RELEASE/spring-data-redis-1.8.20.RELEASE.jar
2019-04-12 16:15:30,938 [Worker-88] INFO  o.e.m.c.i.e.AbstractTransferListenerAdapter - Downloaded http://maven.aliyun.com/nexus/content/groups/public/org/springframework/data/spring-data-redis/1.8.20.RELEASE/spring-data-redis-1.8.20.RELEASE.jar
2019-04-12 16:15:31,205 [Worker-88] INFO  o.e.m.c.i.e.AbstractTransferListenerAdapter - Downloading http://maven.aliyun.com/nexus/content/groups/public/org/springframework/data/spring-data-keyvalue/1.2.20.RELEASE/spring-data-keyvalue-1.2.20.RELEASE.jar
2019-04-12 16:15:31,877 [Worker-88] INFO  o.e.m.c.i.e.AbstractTransferListenerAdapter - Downloaded http://maven.aliyun.com/nexus/content/groups/public/org/springframework/data/spring-data-keyvalue/1.2.20.RELEASE/spring-data-keyvalue-1.2.20.RELEASE.jar
2019-04-12 16:15:32,168 [Worker-88] INFO  o.e.m.c.i.e.AbstractTransferListenerAdapter - Downloading http://maven.aliyun.com/nexus/content/groups/public/org/springframework/data/spring-data-commons/1.13.20.RELEASE/spring-data-commons-1.13.20.RELEASE.jar
2019-04-12 16:15:33,215 [Worker-88] INFO  o.e.m.c.i.e.AbstractTransferListenerAdapter - Downloaded http://maven.aliyun.com/nexus/content/groups/public/org/springframework/data/spring-data-commons/1.13.20.RELEASE/spring-data-commons-1.13.20.RELEASE.jar
2019-04-12 16:15:33,545 [Worker-88] INFO  o.e.m.c.i.e.AbstractTransferListenerAdapter - Downloading http://maven.aliyun.com/nexus/content/groups/public/org/springframework/spring-oxm/4.3.23.RELEASE/spring-oxm-4.3.23.RELEASE.jar
2019-04-12 16:15:34,118 [Worker-88] INFO  o.e.m.c.i.e.AbstractTransferListenerAdapter - Downloaded http://maven.aliyun.com/nexus/content/groups/public/org/springframework/spring-oxm/4.3.23.RELEASE/spring-oxm-4.3.23.RELEASE.jar
2019-04-12 16:15:34,398 [Worker-88] INFO  o.e.m.c.i.e.AbstractTransferListenerAdapter - Downloading http://maven.aliyun.com/nexus/content/groups/public/org/springframework/spring-context-support/4.3.23.RELEASE/spring-context-support-4.3.23.RELEASE.jar
2019-04-12 16:15:35,560 [Worker-88] INFO  o.e.m.c.i.e.AbstractTransferListenerAdapter - Downloaded http://maven.aliyun.com/nexus/content/groups/public/org/springframework/spring-context-support/4.3.23.RELEASE/spring-context-support-4.3.23.RELEASE.jar
2019-04-12 16:15:36,060 [Worker-88] INFO  o.e.m.c.i.e.AbstractTransferListenerAdapter - Downloading http://maven.aliyun.com/nexus/content/groups/public/org/slf4j/jcl-over-slf4j/1.7.25/jcl-over-slf4j-1.7.25.jar
2019-04-12 16:15:36,602 [Worker-88] INFO  o.e.m.c.i.e.AbstractTransferListenerAdapter - Downloaded http://maven.aliyun.com/nexus/content/groups/public/org/slf4j/jcl-over-slf4j/1.7.25/jcl-over-slf4j-1.7.25.jar
2019-04-12 16:15:40,932 [Worker-88] WARN  o.e.m.c.i.embedder.EclipseLogger - Using platform encoding (GBK actually) to copy filtered resources, i.e. build is platform dependent!
2019-04-12 16:15:40,940 [Worker-88] INFO  o.e.m.c.i.embedder.EclipseLogger - Copying 0 resource
2019-04-12 16:15:40,942 [Worker-88] WARN  o.e.m.c.i.embedder.EclipseLogger - Using platform encoding (GBK actually) to copy filtered resources, i.e. build is platform dependent!
2019-04-12 16:15:40,947 [Worker-88] INFO  o.e.m.c.i.embedder.EclipseLogger - Copying 0 resource
2019-04-12 16:15:40,948 [Worker-88] INFO  o.e.m.w.i.f.ResourceFilteringBuildParticipant - Changed resources require a complete clean of filtered resources of redpacket
2019-04-12 16:15:40,948 [Worker-88] INFO  o.e.m.w.i.f.ResourceFilteringBuildParticipant - Executing resource filtering for redpacket
2019-04-12 16:15:40,952 [Worker-88] WARN  o.e.m.c.i.embedder.EclipseLogger - Using platform encoding (GBK actually) to copy filtered resources, i.e. build is platform dependent!
2019-04-12 16:15:41,784 [Worker-86] WARN  o.e.m.c.i.embedder.EclipseLogger - Using platform encoding (GBK actually) to copy filtered resources, i.e. build is platform dependent!
2019-04-12 16:15:41,792 [Worker-86] INFO  o.e.m.c.i.embedder.EclipseLogger - Copying 0 resource
2019-04-12 16:15:41,793 [Worker-86] WARN  o.e.m.c.i.embedder.EclipseLogger - Using platform encoding (GBK actually) to copy filtered resources, i.e. build is platform dependent!
2019-04-12 16:15:41,799 [Worker-86] INFO  o.e.m.c.i.embedder.EclipseLogger - Copying 0 resource
2019-04-12 16:16:51,568 [Worker-86] INFO  o.e.m.c.i.l.LifecycleMappingFactory - Using org.maven.ide.eclipse.wtp.WarLifecycleMapping lifecycle mapping for MavenProject: com.cossm.test:redpacket:0.0.1-SNAPSHOT @ D:\Ecliproject5_red\redpacket\pom.xml.
2019-04-12 16:16:52,812 [Worker-86] INFO  o.e.m.c.i.e.AbstractTransferListenerAdapter - Downloading http://maven.aliyun.com/nexus/content/groups/public/org/springframework/data/spring-data-redis/2.1.0.RELEASE/spring-data-redis-2.1.0.RELEASE.pom
2019-04-12 16:16:53,106 [Worker-86] INFO  o.e.m.c.i.e.AbstractTransferListenerAdapter - Downloaded http://maven.aliyun.com/nexus/content/groups/public/org/springframework/data/spring-data-redis/2.1.0.RELEASE/spring-data-redis-2.1.0.RELEASE.pom
2019-04-12 16:16:53,453 [Worker-86] INFO  o.e.m.c.i.e.AbstractTransferListenerAdapter - Downloading http://maven.aliyun.com/nexus/content/groups/public/org/springframework/data/build/spring-data-parent/2.1.0.RELEASE/spring-data-parent-2.1.0.RELEASE.pom
2019-04-12 16:16:53,888 [Worker-86] INFO  o.e.m.c.i.e.AbstractTransferListenerAdapter - Downloaded http://maven.aliyun.com/nexus/content/groups/public/org/springframework/data/build/spring-data-parent/2.1.0.RELEASE/spring-data-parent-2.1.0.RELEASE.pom
2019-04-12 16:16:54,210 [Worker-86] INFO  o.e.m.c.i.e.AbstractTransferListenerAdapter - Downloading http://maven.aliyun.com/nexus/content/groups/public/org/springframework/data/build/spring-data-build/2.1.0.RELEASE/spring-data-build-2.1.0.RELEASE.pom
2019-04-12 16:16:54,591 [Worker-86] INFO  o.e.m.c.i.e.AbstractTransferListenerAdapter - Downloaded http://maven.aliyun.com/nexus/content/groups/public/org/springframework/data/build/spring-data-build/2.1.0.RELEASE/spring-data-build-2.1.0.RELEASE.pom
2019-04-12 16:16:54,907 [Worker-86] INFO  o.e.m.c.i.e.AbstractTransferListenerAdapter - Downloading http://maven.aliyun.com/nexus/content/groups/public/io/projectreactor/reactor-bom/Californium-RELEASE/reactor-bom-Californium-RELEASE.pom
2019-04-12 16:16:55,245 [Worker-86] INFO  o.e.m.c.i.e.AbstractTransferListenerAdapter - Downloaded http://maven.aliyun.com/nexus/content/groups/public/io/projectreactor/reactor-bom/Californium-RELEASE/reactor-bom-Californium-RELEASE.pom
2019-04-12 16:16:55,615 [Worker-86] INFO  o.e.m.c.i.e.AbstractTransferListenerAdapter - Downloading http://maven.aliyun.com/nexus/content/groups/public/org/springframework/spring-framework-bom/5.1.0.RELEASE/spring-framework-bom-5.1.0.RELEASE.pom
2019-04-12 16:16:55,960 [Worker-86] INFO  o.e.m.c.i.e.AbstractTransferListenerAdapter - Downloaded http://maven.aliyun.com/nexus/content/groups/public/org/springframework/spring-framework-bom/5.1.0.RELEASE/spring-framework-bom-5.1.0.RELEASE.pom
2019-04-12 16:16:56,532 [Worker-86] INFO  o.e.m.c.i.e.AbstractTransferListenerAdapter - Downloading http://maven.aliyun.com/nexus/content/groups/public/com/fasterxml/jackson/jackson-bom/2.9.7/jackson-bom-2.9.7.pom
2019-04-12 16:16:56,842 [Worker-86] INFO  o.e.m.c.i.e.AbstractTransferListenerAdapter - Downloaded http://maven.aliyun.com/nexus/content/groups/public/com/fasterxml/jackson/jackson-bom/2.9.7/jackson-bom-2.9.7.pom
2019-04-12 16:16:57,213 [Worker-86] INFO  o.e.m.c.i.e.AbstractTransferListenerAdapter - Downloading http://maven.aliyun.com/nexus/content/groups/public/com/fasterxml/jackson/jackson-parent/2.9.1.1/jackson-parent-2.9.1.1.pom
2019-04-12 16:16:57,593 [Worker-86] INFO  o.e.m.c.i.e.AbstractTransferListenerAdapter - Downloaded http://maven.aliyun.com/nexus/content/groups/public/com/fasterxml/jackson/jackson-parent/2.9.1.1/jackson-parent-2.9.1.1.pom
2019-04-12 16:16:57,934 [Worker-86] INFO  o.e.m.c.i.e.AbstractTransferListenerAdapter - Downloading http://maven.aliyun.com/nexus/content/groups/public/com/fasterxml/oss-parent/33/oss-parent-33.pom
2019-04-12 16:16:58,368 [Worker-86] INFO  o.e.m.c.i.e.AbstractTransferListenerAdapter - Downloaded http://maven.aliyun.com/nexus/content/groups/public/com/fasterxml/oss-parent/33/oss-parent-33.pom
2019-04-12 16:16:58,734 [Worker-86] INFO  o.e.m.c.i.e.AbstractTransferListenerAdapter - Downloading http://maven.aliyun.com/nexus/content/groups/public/org/springframework/data/spring-data-keyvalue/2.1.0.RELEASE/spring-data-keyvalue-2.1.0.RELEASE.pom
2019-04-12 16:16:59,068 [Worker-86] INFO  o.e.m.c.i.e.AbstractTransferListenerAdapter - Downloaded http://maven.aliyun.com/nexus/content/groups/public/org/springframework/data/spring-data-keyvalue/2.1.0.RELEASE/spring-data-keyvalue-2.1.0.RELEASE.pom
2019-04-12 16:16:59,559 [Worker-86] INFO  o.e.m.c.i.e.AbstractTransferListenerAdapter - Downloading http://maven.aliyun.com/nexus/content/groups/public/org/springframework/data/spring-data-commons/2.1.0.RELEASE/spring-data-commons-2.1.0.RELEASE.pom
2019-04-12 16:16:59,867 [Worker-86] INFO  o.e.m.c.i.e.AbstractTransferListenerAdapter - Downloaded http://maven.aliyun.com/nexus/content/groups/public/org/springframework/data/spring-data-commons/2.1.0.RELEASE/spring-data-commons-2.1.0.RELEASE.pom
2019-04-12 16:17:00,174 [Worker-86] INFO  o.e.m.c.i.e.AbstractTransferListenerAdapter - Downloading http://maven.aliyun.com/nexus/content/groups/public/org/springframework/spring-core/5.1.0.RELEASE/spring-core-5.1.0.RELEASE.pom
2019-04-12 16:17:00,514 [Worker-86] INFO  o.e.m.c.i.e.AbstractTransferListenerAdapter - Downloaded http://maven.aliyun.com/nexus/content/groups/public/org/springframework/spring-core/5.1.0.RELEASE/spring-core-5.1.0.RELEASE.pom
2019-04-12 16:17:01,015 [Worker-86] INFO  o.e.m.c.i.e.AbstractTransferListenerAdapter - Downloading http://maven.aliyun.com/nexus/content/groups/public/org/springframework/spring-jcl/5.1.0.RELEASE/spring-jcl-5.1.0.RELEASE.pom
2019-04-12 16:17:01,349 [Worker-86] INFO  o.e.m.c.i.e.AbstractTransferListenerAdapter - Downloaded http://maven.aliyun.com/nexus/content/groups/public/org/springframework/spring-jcl/5.1.0.RELEASE/spring-jcl-5.1.0.RELEASE.pom
2019-04-12 16:17:01,642 [Worker-86] INFO  o.e.m.c.i.e.AbstractTransferListenerAdapter - Downloading http://maven.aliyun.com/nexus/content/groups/public/org/springframework/spring-beans/5.1.0.RELEASE/spring-beans-5.1.0.RELEASE.pom
2019-04-12 16:17:01,970 [Worker-86] INFO  o.e.m.c.i.e.AbstractTransferListenerAdapter - Downloaded http://maven.aliyun.com/nexus/content/groups/public/org/springframework/spring-beans/5.1.0.RELEASE/spring-beans-5.1.0.RELEASE.pom
2019-04-12 16:17:02,494 [Worker-86] INFO  o.e.m.c.i.e.AbstractTransferListenerAdapter - Downloading http://maven.aliyun.com/nexus/content/groups/public/org/springframework/spring-context/5.1.0.RELEASE/spring-context-5.1.0.RELEASE.pom
2019-04-12 16:17:02,818 [Worker-86] INFO  o.e.m.c.i.e.AbstractTransferListenerAdapter - Downloaded http://maven.aliyun.com/nexus/content/groups/public/org/springframework/spring-context/5.1.0.RELEASE/spring-context-5.1.0.RELEASE.pom
2019-04-12 16:17:03,133 [Worker-86] INFO  o.e.m.c.i.e.AbstractTransferListenerAdapter - Downloading http://maven.aliyun.com/nexus/content/groups/public/org/springframework/spring-aop/5.1.0.RELEASE/spring-aop-5.1.0.RELEASE.pom
2019-04-12 16:17:03,559 [Worker-86] INFO  o.e.m.c.i.e.AbstractTransferListenerAdapter - Downloaded http://maven.aliyun.com/nexus/content/groups/public/org/springframework/spring-aop/5.1.0.RELEASE/spring-aop-5.1.0.RELEASE.pom
2019-04-12 16:17:03,928 [Worker-86] INFO  o.e.m.c.i.e.AbstractTransferListenerAdapter - Downloading http://maven.aliyun.com/nexus/content/groups/public/org/springframework/spring-expression/5.1.0.RELEASE/spring-expression-5.1.0.RELEASE.pom
2019-04-12 16:17:04,246 [Worker-86] INFO  o.e.m.c.i.e.AbstractTransferListenerAdapter - Downloaded http://maven.aliyun.com/nexus/content/groups/public/org/springframework/spring-expression/5.1.0.RELEASE/spring-expression-5.1.0.RELEASE.pom
2019-04-12 16:17:04,577 [Worker-86] INFO  o.e.m.c.i.e.AbstractTransferListenerAdapter - Downloading http://maven.aliyun.com/nexus/content/groups/public/org/springframework/spring-tx/5.1.0.RELEASE/spring-tx-5.1.0.RELEASE.pom
2019-04-12 16:17:04,898 [Worker-86] INFO  o.e.m.c.i.e.AbstractTransferListenerAdapter - Downloaded http://maven.aliyun.com/nexus/content/groups/public/org/springframework/spring-tx/5.1.0.RELEASE/spring-tx-5.1.0.RELEASE.pom
2019-04-12 16:17:05,241 [Worker-86] INFO  o.e.m.c.i.e.AbstractTransferListenerAdapter - Downloading http://maven.aliyun.com/nexus/content/groups/public/org/springframework/spring-oxm/5.1.0.RELEASE/spring-oxm-5.1.0.RELEASE.pom
2019-04-12 16:17:05,557 [Worker-86] INFO  o.e.m.c.i.e.AbstractTransferListenerAdapter - Downloaded http://maven.aliyun.com/nexus/content/groups/public/org/springframework/spring-oxm/5.1.0.RELEASE/spring-oxm-5.1.0.RELEASE.pom
2019-04-12 16:17:05,877 [Worker-86] INFO  o.e.m.c.i.e.AbstractTransferListenerAdapter - Downloading http://maven.aliyun.com/nexus/content/groups/public/org/springframework/spring-context-support/5.1.0.RELEASE/spring-context-support-5.1.0.RELEASE.pom
2019-04-12 16:17:06,207 [Worker-86] INFO  o.e.m.c.i.e.AbstractTransferListenerAdapter - Downloaded http://maven.aliyun.com/nexus/content/groups/public/org/springframework/spring-context-support/5.1.0.RELEASE/spring-context-support-5.1.0.RELEASE.pom
2019-04-12 16:17:06,744 [Worker-86] INFO  o.e.m.c.i.e.AbstractTransferListenerAdapter - Downloading http://maven.aliyun.com/nexus/content/groups/public/org/springframework/data/spring-data-redis/2.1.0.RELEASE/spring-data-redis-2.1.0.RELEASE.jar
2019-04-12 16:17:08,586 [Worker-86] INFO  o.e.m.c.i.e.AbstractTransferListenerAdapter - Downloaded http://maven.aliyun.com/nexus/content/groups/public/org/springframework/data/spring-data-redis/2.1.0.RELEASE/spring-data-redis-2.1.0.RELEASE.jar
2019-04-12 16:17:08,882 [Worker-86] INFO  o.e.m.c.i.e.AbstractTransferListenerAdapter - Downloading http://maven.aliyun.com/nexus/content/groups/public/org/springframework/data/spring-data-keyvalue/2.1.0.RELEASE/spring-data-keyvalue-2.1.0.RELEASE.jar
2019-04-12 16:17:09,650 [Worker-86] INFO  o.e.m.c.i.e.AbstractTransferListenerAdapter - Downloaded http://maven.aliyun.com/nexus/content/groups/public/org/springframework/data/spring-data-keyvalue/2.1.0.RELEASE/spring-data-keyvalue-2.1.0.RELEASE.jar
2019-04-12 16:17:09,942 [Worker-86] INFO  o.e.m.c.i.e.AbstractTransferListenerAdapter - Downloading http://maven.aliyun.com/nexus/content/groups/public/org/springframework/data/spring-data-commons/2.1.0.RELEASE/spring-data-commons-2.1.0.RELEASE.jar
2019-04-12 16:17:11,161 [Worker-86] INFO  o.e.m.c.i.e.AbstractTransferListenerAdapter - Downloaded http://maven.aliyun.com/nexus/content/groups/public/org/springframework/data/spring-data-commons/2.1.0.RELEASE/spring-data-commons-2.1.0.RELEASE.jar
2019-04-12 16:17:11,496 [Worker-86] INFO  o.e.m.c.i.e.AbstractTransferListenerAdapter - Downloading http://maven.aliyun.com/nexus/content/groups/public/org/springframework/spring-oxm/5.1.0.RELEASE/spring-oxm-5.1.0.RELEASE.jar
2019-04-12 16:17:12,091 [Worker-86] INFO  o.e.m.c.i.e.AbstractTransferListenerAdapter - Downloaded http://maven.aliyun.com/nexus/content/groups/public/org/springframework/spring-oxm/5.1.0.RELEASE/spring-oxm-5.1.0.RELEASE.jar
2019-04-12 16:17:12,374 [Worker-86] INFO  o.e.m.c.i.e.AbstractTransferListenerAdapter - Downloading http://maven.aliyun.com/nexus/content/groups/public/org/springframework/spring-context-support/5.1.0.RELEASE/spring-context-support-5.1.0.RELEASE.jar
2019-04-12 16:17:13,475 [Worker-86] INFO  o.e.m.c.i.e.AbstractTransferListenerAdapter - Downloaded http://maven.aliyun.com/nexus/content/groups/public/org/springframework/spring-context-support/5.1.0.RELEASE/spring-context-support-5.1.0.RELEASE.jar
2019-04-12 16:17:16,903 [Worker-86] WARN  o.e.m.c.i.embedder.EclipseLogger - Using platform encoding (GBK actually) to copy filtered resources, i.e. build is platform dependent!
2019-04-12 16:17:16,911 [Worker-86] INFO  o.e.m.c.i.embedder.EclipseLogger - Copying 0 resource
2019-04-12 16:17:16,916 [Worker-86] WARN  o.e.m.c.i.embedder.EclipseLogger - Using platform encoding (GBK actually) to copy filtered resources, i.e. build is platform dependent!
2019-04-12 16:17:16,928 [Worker-86] INFO  o.e.m.c.i.embedder.EclipseLogger - Copying 0 resource
2019-04-12 16:17:17,145 [Worker-86] INFO  o.e.m.w.i.f.ResourceFilteringBuildParticipant - Changed resources require a complete clean of filtered resources of redpacket
2019-04-12 16:17:17,145 [Worker-86] INFO  o.e.m.w.i.f.ResourceFilteringBuildParticipant - Executing resource filtering for redpacket
2019-04-12 16:17:17,154 [Worker-86] WARN  o.e.m.c.i.embedder.EclipseLogger - Using platform encoding (GBK actually) to copy filtered resources, i.e. build is platform dependent!
2019-04-12 16:17:17,946 [Worker-92] WARN  o.e.m.c.i.embedder.EclipseLogger - Using platform encoding (GBK actually) to copy filtered resources, i.e. build is platform dependent!
2019-04-12 16:17:17,952 [Worker-92] INFO  o.e.m.c.i.embedder.EclipseLogger - Copying 0 resource
2019-04-12 16:17:17,953 [Worker-92] WARN  o.e.m.c.i.embedder.EclipseLogger - Using platform encoding (GBK actually) to copy filtered resources, i.e. build is platform dependent!
2019-04-12 16:17:17,961 [Worker-92] INFO  o.e.m.c.i.embedder.EclipseLogger - Copying 0 resource
2019-04-12 16:17:37,738 [Worker-86] WARN  o.e.m.c.i.embedder.EclipseLogger - Using platform encoding (GBK actually) to copy filtered resources, i.e. build is platform dependent!
2019-04-12 16:17:37,749 [Worker-86] INFO  o.e.m.c.i.embedder.EclipseLogger - Copying 0 resource
2019-04-12 16:17:37,751 [Worker-86] WARN  o.e.m.c.i.embedder.EclipseLogger - Using platform encoding (GBK actually) to copy filtered resources, i.e. build is platform dependent!
2019-04-12 16:17:37,760 [Worker-86] INFO  o.e.m.c.i.embedder.EclipseLogger - Copying 0 resource
2019-04-12 16:17:49,921 [Worker-93] WARN  o.e.m.c.i.embedder.EclipseLogger - Using platform encoding (GBK actually) to copy filtered resources, i.e. build is platform dependent!
2019-04-12 16:17:49,930 [Worker-93] INFO  o.e.m.c.i.embedder.EclipseLogger - Copying 0 resource
2019-04-12 16:17:49,932 [Worker-93] WARN  o.e.m.c.i.embedder.EclipseLogger - Using platform encoding (GBK actually) to copy filtered resources, i.e. build is platform dependent!
2019-04-12 16:17:49,938 [Worker-93] INFO  o.e.m.c.i.embedder.EclipseLogger - Copying 0 resource
2019-04-12 16:18:24,261 [Worker-86] WARN  o.e.m.c.i.embedder.EclipseLogger - Using platform encoding (GBK actually) to copy filtered resources, i.e. build is platform dependent!
2019-04-12 16:18:24,286 [Worker-86] INFO  o.e.m.c.i.embedder.EclipseLogger - Copying 0 resource
2019-04-12 16:18:24,292 [Worker-86] WARN  o.e.m.c.i.embedder.EclipseLogger - Using platform encoding (GBK actually) to copy filtered resources, i.e. build is platform dependent!
2019-04-12 16:18:24,312 [Worker-86] INFO  o.e.m.c.i.embedder.EclipseLogger - Copying 0 resource
2019-04-12 16:20:01,506 [Worker-94] WARN  o.e.m.c.i.embedder.EclipseLogger - Using platform encoding (GBK actually) to copy filtered resources, i.e. build is platform dependent!
2019-04-12 16:20:01,514 [Worker-94] INFO  o.e.m.c.i.embedder.EclipseLogger - Copying 0 resource
2019-04-12 16:20:01,515 [Worker-94] WARN  o.e.m.c.i.embedder.EclipseLogger - Using platform encoding (GBK actually) to copy filtered resources, i.e. build is platform dependent!
2019-04-12 16:20:01,522 [Worker-94] INFO  o.e.m.c.i.embedder.EclipseLogger - Copying 0 resource
2019-04-12 16:20:15,448 [Worker-88] WARN  o.e.m.c.i.embedder.EclipseLogger - Using platform encoding (GBK actually) to copy filtered resources, i.e. build is platform dependent!
2019-04-12 16:20:15,468 [Worker-88] INFO  o.e.m.c.i.embedder.EclipseLogger - Copying 0 resource
2019-04-12 16:20:15,471 [Worker-88] WARN  o.e.m.c.i.embedder.EclipseLogger - Using platform encoding (GBK actually) to copy filtered resources, i.e. build is platform dependent!
2019-04-12 16:20:15,487 [Worker-88] INFO  o.e.m.c.i.embedder.EclipseLogger - Copying 0 resource
2019-04-12 16:20:26,076 [Worker-91] WARN  o.e.m.c.i.embedder.EclipseLogger - Using platform encoding (GBK actually) to copy filtered resources, i.e. build is platform dependent!
2019-04-12 16:20:26,089 [Worker-91] INFO  o.e.m.c.i.embedder.EclipseLogger - Copying 0 resource
2019-04-12 16:20:26,091 [Worker-91] WARN  o.e.m.c.i.embedder.EclipseLogger - Using platform encoding (GBK actually) to copy filtered resources, i.e. build is platform dependent!
2019-04-12 16:20:26,102 [Worker-91] INFO  o.e.m.c.i.embedder.EclipseLogger - Copying 0 resource
2019-04-12 16:21:04,247 [Worker-94] WARN  o.e.m.c.i.embedder.EclipseLogger - Using platform encoding (GBK actually) to copy filtered resources, i.e. build is platform dependent!
2019-04-12 16:21:04,255 [Worker-94] INFO  o.e.m.c.i.embedder.EclipseLogger - Copying 0 resource
2019-04-12 16:21:04,256 [Worker-94] WARN  o.e.m.c.i.embedder.EclipseLogger - Using platform encoding (GBK actually) to copy filtered resources, i.e. build is platform dependent!
2019-04-12 16:21:04,262 [Worker-94] INFO  o.e.m.c.i.embedder.EclipseLogger - Copying 0 resource
2019-04-12 16:21:12,273 [Worker-96] WARN  o.e.m.c.i.embedder.EclipseLogger - Using platform encoding (GBK actually) to copy filtered resources, i.e. build is platform dependent!
2019-04-12 16:21:12,294 [Worker-96] INFO  o.e.m.c.i.embedder.EclipseLogger - Copying 0 resource
2019-04-12 16:21:12,298 [Worker-96] WARN  o.e.m.c.i.embedder.EclipseLogger - Using platform encoding (GBK actually) to copy filtered resources, i.e. build is platform dependent!
2019-04-12 16:21:12,316 [Worker-96] INFO  o.e.m.c.i.embedder.EclipseLogger - Copying 0 resource
2019-04-12 16:21:28,326 [Worker-97] WARN  o.e.m.c.i.embedder.EclipseLogger - Using platform encoding (GBK actually) to copy filtered resources, i.e. build is platform dependent!
2019-04-12 16:21:28,333 [Worker-97] INFO  o.e.m.c.i.embedder.EclipseLogger - Copying 0 resource
2019-04-12 16:21:28,334 [Worker-97] WARN  o.e.m.c.i.embedder.EclipseLogger - Using platform encoding (GBK actually) to copy filtered resources, i.e. build is platform dependent!
2019-04-12 16:21:28,340 [Worker-97] INFO  o.e.m.c.i.embedder.EclipseLogger - Copying 0 resource
2019-04-12 16:21:43,554 [Worker-96] WARN  o.e.m.c.i.embedder.EclipseLogger - Using platform encoding (GBK actually) to copy filtered resources, i.e. build is platform dependent!
2019-04-12 16:21:43,565 [Worker-96] INFO  o.e.m.c.i.embedder.EclipseLogger - Copying 0 resource
2019-04-12 16:21:43,567 [Worker-96] WARN  o.e.m.c.i.embedder.EclipseLogger - Using platform encoding (GBK actually) to copy filtered resources, i.e. build is platform dependent!
2019-04-12 16:21:43,578 [Worker-96] INFO  o.e.m.c.i.embedder.EclipseLogger - Copying 0 resource
2019-04-12 16:23:34,024 [Worker-88] WARN  o.e.m.c.i.embedder.EclipseLogger - Using platform encoding (GBK actually) to copy filtered resources, i.e. build is platform dependent!
2019-04-12 16:23:34,032 [Worker-88] INFO  o.e.m.c.i.embedder.EclipseLogger - Copying 0 resource
2019-04-12 16:23:34,033 [Worker-88] WARN  o.e.m.c.i.embedder.EclipseLogger - Using platform encoding (GBK actually) to copy filtered resources, i.e. build is platform dependent!
2019-04-12 16:23:34,039 [Worker-88] INFO  o.e.m.c.i.embedder.EclipseLogger - Copying 0 resource
2019-04-12 16:23:42,468 [Worker-86] WARN  o.e.m.c.i.embedder.EclipseLogger - Using platform encoding (GBK actually) to copy filtered resources, i.e. build is platform dependent!
2019-04-12 16:23:42,488 [Worker-86] INFO  o.e.m.c.i.embedder.EclipseLogger - Copying 0 resource
2019-04-12 16:23:42,493 [Worker-86] WARN  o.e.m.c.i.embedder.EclipseLogger - Using platform encoding (GBK actually) to copy filtered resources, i.e. build is platform dependent!
2019-04-12 16:23:42,508 [Worker-86] INFO  o.e.m.c.i.embedder.EclipseLogger - Copying 0 resource
2019-04-12 16:24:03,835 [Worker-86] WARN  o.e.m.c.i.embedder.EclipseLogger - Using platform encoding (GBK actually) to copy filtered resources, i.e. build is platform dependent!
2019-04-12 16:24:03,848 [Worker-86] INFO  o.e.m.c.i.embedder.EclipseLogger - Copying 0 resource
2019-04-12 16:24:03,850 [Worker-86] WARN  o.e.m.c.i.embedder.EclipseLogger - Using platform encoding (GBK actually) to copy filtered resources, i.e. build is platform dependent!
2019-04-12 16:24:03,861 [Worker-86] INFO  o.e.m.c.i.embedder.EclipseLogger - Copying 0 resource
2019-04-12 16:25:24,186 [Worker-91] WARN  o.e.m.c.i.embedder.EclipseLogger - Using platform encoding (GBK actually) to copy filtered resources, i.e. build is platform dependent!
2019-04-12 16:25:24,193 [Worker-91] INFO  o.e.m.c.i.embedder.EclipseLogger - Copying 0 resource
2019-04-12 16:25:24,195 [Worker-91] WARN  o.e.m.c.i.embedder.EclipseLogger - Using platform encoding (GBK actually) to copy filtered resources, i.e. build is platform dependent!
2019-04-12 16:25:24,201 [Worker-91] INFO  o.e.m.c.i.embedder.EclipseLogger - Copying 0 resource
2019-04-12 16:25:45,530 [Worker-99] WARN  o.e.m.c.i.embedder.EclipseLogger - Using platform encoding (GBK actually) to copy filtered resources, i.e. build is platform dependent!
2019-04-12 16:25:45,544 [Worker-99] INFO  o.e.m.c.i.embedder.EclipseLogger - Copying 0 resource
2019-04-12 16:25:45,545 [Worker-99] WARN  o.e.m.c.i.embedder.EclipseLogger - Using platform encoding (GBK actually) to copy filtered resources, i.e. build is platform dependent!
2019-04-12 16:25:45,554 [Worker-99] INFO  o.e.m.c.i.embedder.EclipseLogger - Copying 0 resource
2019-04-12 16:25:58,773 [Worker-86] WARN  o.e.m.c.i.embedder.EclipseLogger - Using platform encoding (GBK actually) to copy filtered resources, i.e. build is platform dependent!
2019-04-12 16:25:58,779 [Worker-86] INFO  o.e.m.c.i.embedder.EclipseLogger - Copying 0 resource
2019-04-12 16:25:58,780 [Worker-86] WARN  o.e.m.c.i.embedder.EclipseLogger - Using platform encoding (GBK actually) to copy filtered resources, i.e. build is platform dependent!
2019-04-12 16:25:58,787 [Worker-86] INFO  o.e.m.c.i.embedder.EclipseLogger - Copying 0 resource
2019-04-12 16:26:06,521 [Worker-101] WARN  o.e.m.c.i.embedder.EclipseLogger - Using platform encoding (GBK actually) to copy filtered resources, i.e. build is platform dependent!
2019-04-12 16:26:06,538 [Worker-101] INFO  o.e.m.c.i.embedder.EclipseLogger - Copying 0 resource
2019-04-12 16:26:06,540 [Worker-101] WARN  o.e.m.c.i.embedder.EclipseLogger - Using platform encoding (GBK actually) to copy filtered resources, i.e. build is platform dependent!
2019-04-12 16:26:06,549 [Worker-101] INFO  o.e.m.c.i.embedder.EclipseLogger - Copying 0 resource
2019-04-12 16:26:29,929 [Worker-91] WARN  o.e.m.c.i.embedder.EclipseLogger - Using platform encoding (GBK actually) to copy filtered resources, i.e. build is platform dependent!
2019-04-12 16:26:29,936 [Worker-91] INFO  o.e.m.c.i.embedder.EclipseLogger - Copying 1 resource
2019-04-12 16:26:29,941 [Worker-91] WARN  o.e.m.c.i.embedder.EclipseLogger - Using platform encoding (GBK actually) to copy filtered resources, i.e. build is platform dependent!
2019-04-12 16:26:29,946 [Worker-91] INFO  o.e.m.c.i.embedder.EclipseLogger - Copying 0 resource
2019-04-12 16:26:33,616 [Worker-101] WARN  o.e.m.c.i.embedder.EclipseLogger - Using platform encoding (GBK actually) to copy filtered resources, i.e. build is platform dependent!
2019-04-12 16:26:33,634 [Worker-101] INFO  o.e.m.c.i.embedder.EclipseLogger - Copying 1 resource
2019-04-12 16:26:33,637 [Worker-101] WARN  o.e.m.c.i.embedder.EclipseLogger - Using platform encoding (GBK actually) to copy filtered resources, i.e. build is platform dependent!
2019-04-12 16:26:33,653 [Worker-101] INFO  o.e.m.c.i.embedder.EclipseLogger - Copying 0 resource
2019-04-12 16:27:16,701 [Worker-99] WARN  o.e.m.c.i.embedder.EclipseLogger - Using platform encoding (GBK actually) to copy filtered resources, i.e. build is platform dependent!
2019-04-12 16:27:16,713 [Worker-99] INFO  o.e.m.c.i.embedder.EclipseLogger - Copying 1 resource
2019-04-12 16:27:16,715 [Worker-99] WARN  o.e.m.c.i.embedder.EclipseLogger - Using platform encoding (GBK actually) to copy filtered resources, i.e. build is platform dependent!
2019-04-12 16:27:16,726 [Worker-99] INFO  o.e.m.c.i.embedder.EclipseLogger - Copying 0 resource
2019-04-12 16:27:33,728 [Worker-98] WARN  o.e.m.c.i.embedder.EclipseLogger - Using platform encoding (GBK actually) to copy filtered resources, i.e. build is platform dependent!
2019-04-12 16:27:33,742 [Worker-98] INFO  o.e.m.c.i.embedder.EclipseLogger - Copying 1 resource
2019-04-12 16:27:33,745 [Worker-98] WARN  o.e.m.c.i.embedder.EclipseLogger - Using platform encoding (GBK actually) to copy filtered resources, i.e. build is platform dependent!
2019-04-12 16:27:33,755 [Worker-98] INFO  o.e.m.c.i.embedder.EclipseLogger - Copying 0 resource
2019-04-12 16:28:15,999 [Worker-94] WARN  o.e.m.c.i.embedder.EclipseLogger - Using platform encoding (GBK actually) to copy filtered resources, i.e. build is platform dependent!
2019-04-12 16:28:16,009 [Worker-94] INFO  o.e.m.c.i.embedder.EclipseLogger - Copying 1 resource
2019-04-12 16:28:16,010 [Worker-94] WARN  o.e.m.c.i.embedder.EclipseLogger - Using platform encoding (GBK actually) to copy filtered resources, i.e. build is platform dependent!
2019-04-12 16:28:16,016 [Worker-94] INFO  o.e.m.c.i.embedder.EclipseLogger - Copying 0 resource
2019-04-12 16:28:31,773 [Worker-101] WARN  o.e.m.c.i.embedder.EclipseLogger - Using platform encoding (GBK actually) to copy filtered resources, i.e. build is platform dependent!
2019-04-12 16:28:31,783 [Worker-101] INFO  o.e.m.c.i.embedder.EclipseLogger - Copying 1 resource
2019-04-12 16:28:31,785 [Worker-101] WARN  o.e.m.c.i.embedder.EclipseLogger - Using platform encoding (GBK actually) to copy filtered resources, i.e. build is platform dependent!
2019-04-12 16:28:31,794 [Worker-101] INFO  o.e.m.c.i.embedder.EclipseLogger - Copying 0 resource
2019-04-12 16:28:45,785 [Worker-95] WARN  o.e.m.c.i.embedder.EclipseLogger - Using platform encoding (GBK actually) to copy filtered resources, i.e. build is platform dependent!
2019-04-12 16:28:45,805 [Worker-95] INFO  o.e.m.c.i.embedder.EclipseLogger - Copying 1 resource
2019-04-12 16:28:45,808 [Worker-95] WARN  o.e.m.c.i.embedder.EclipseLogger - Using platform encoding (GBK actually) to copy filtered resources, i.e. build is platform dependent!
2019-04-12 16:28:45,828 [Worker-95] INFO  o.e.m.c.i.embedder.EclipseLogger - Copying 0 resource
2019-04-12 16:28:53,464 [Worker-98] WARN  o.e.m.c.i.embedder.EclipseLogger - Using platform encoding (GBK actually) to copy filtered resources, i.e. build is platform dependent!
2019-04-12 16:28:53,486 [Worker-98] INFO  o.e.m.c.i.embedder.EclipseLogger - Copying 1 resource
2019-04-12 16:28:53,491 [Worker-98] WARN  o.e.m.c.i.embedder.EclipseLogger - Using platform encoding (GBK actually) to copy filtered resources, i.e. build is platform dependent!
2019-04-12 16:28:53,509 [Worker-98] INFO  o.e.m.c.i.embedder.EclipseLogger - Copying 0 resource
2019-04-12 16:29:13,579 [Worker-94] WARN  o.e.m.c.i.embedder.EclipseLogger - Using platform encoding (GBK actually) to copy filtered resources, i.e. build is platform dependent!
2019-04-12 16:29:13,585 [Worker-94] INFO  o.e.m.c.i.embedder.EclipseLogger - Copying 2 resources
2019-04-12 16:29:13,586 [Worker-94] WARN  o.e.m.c.i.embedder.EclipseLogger - Using platform encoding (GBK actually) to copy filtered resources, i.e. build is platform dependent!
2019-04-12 16:29:13,592 [Worker-94] INFO  o.e.m.c.i.embedder.EclipseLogger - Copying 0 resource
2019-04-12 16:29:24,465 [Worker-98] WARN  o.e.m.c.i.embedder.EclipseLogger - Using platform encoding (GBK actually) to copy filtered resources, i.e. build is platform dependent!
2019-04-12 16:29:24,488 [Worker-98] INFO  o.e.m.c.i.embedder.EclipseLogger - Copying 2 resources
2019-04-12 16:29:24,495 [Worker-98] WARN  o.e.m.c.i.embedder.EclipseLogger - Using platform encoding (GBK actually) to copy filtered resources, i.e. build is platform dependent!
2019-04-12 16:29:24,512 [Worker-98] INFO  o.e.m.c.i.embedder.EclipseLogger - Copying 0 resource
2019-04-12 16:30:19,084 [Worker-100] WARN  o.e.m.c.i.embedder.EclipseLogger - Using platform encoding (GBK actually) to copy filtered resources, i.e. build is platform dependent!
2019-04-12 16:30:19,092 [Worker-100] INFO  o.e.m.c.i.embedder.EclipseLogger - Copying 2 resources
2019-04-12 16:30:19,094 [Worker-100] WARN  o.e.m.c.i.embedder.EclipseLogger - Using platform encoding (GBK actually) to copy filtered resources, i.e. build is platform dependent!
2019-04-12 16:30:19,100 [Worker-100] INFO  o.e.m.c.i.embedder.EclipseLogger - Copying 0 resource
2019-04-12 16:30:41,507 [Worker-91] WARN  o.e.m.c.i.embedder.EclipseLogger - Using platform encoding (GBK actually) to copy filtered resources, i.e. build is platform dependent!
2019-04-12 16:30:41,531 [Worker-91] INFO  o.e.m.c.i.embedder.EclipseLogger - Copying 2 resources
2019-04-12 16:30:41,536 [Worker-91] WARN  o.e.m.c.i.embedder.EclipseLogger - Using platform encoding (GBK actually) to copy filtered resources, i.e. build is platform dependent!
2019-04-12 16:30:41,553 [Worker-91] INFO  o.e.m.c.i.embedder.EclipseLogger - Copying 0 resource
2019-04-12 16:30:59,535 [Worker-86] WARN  o.e.m.c.i.embedder.EclipseLogger - Using platform encoding (GBK actually) to copy filtered resources, i.e. build is platform dependent!
2019-04-12 16:30:59,541 [Worker-86] INFO  o.e.m.c.i.embedder.EclipseLogger - Copying 2 resources
2019-04-12 16:30:59,543 [Worker-86] WARN  o.e.m.c.i.embedder.EclipseLogger - Using platform encoding (GBK actually) to copy filtered resources, i.e. build is platform dependent!
2019-04-12 16:30:59,549 [Worker-86] INFO  o.e.m.c.i.embedder.EclipseLogger - Copying 0 resource
2019-04-12 16:32:38,632 [Worker-98] WARN  o.e.m.c.i.embedder.EclipseLogger - Using platform encoding (GBK actually) to copy filtered resources, i.e. build is platform dependent!
2019-04-12 16:32:38,643 [Worker-98] INFO  o.e.m.c.i.embedder.EclipseLogger - Copying 2 resources
2019-04-12 16:32:38,645 [Worker-98] WARN  o.e.m.c.i.embedder.EclipseLogger - Using platform encoding (GBK actually) to copy filtered resources, i.e. build is platform dependent!
2019-04-12 16:32:38,652 [Worker-98] INFO  o.e.m.c.i.embedder.EclipseLogger - Copying 0 resource
2019-04-12 16:34:51,182 [Worker-103] INFO  o.e.m.c.i.l.LifecycleMappingFactory - Using org.maven.ide.eclipse.wtp.WarLifecycleMapping lifecycle mapping for MavenProject: com.cossm.test:redpacket:0.0.1-SNAPSHOT @ D:\Ecliproject5_red\redpacket\pom.xml.
2019-04-12 16:34:52,652 [Worker-103] INFO  o.e.m.c.i.e.AbstractTransferListenerAdapter - Downloading http://maven.aliyun.com/nexus/content/groups/public/redis/clients/jedis/2.9.0/jedis-2.9.0.pom
2019-04-12 16:34:52,989 [Worker-103] INFO  o.e.m.c.i.e.AbstractTransferListenerAdapter - Downloaded http://maven.aliyun.com/nexus/content/groups/public/redis/clients/jedis/2.9.0/jedis-2.9.0.pom
2019-04-12 16:34:53,361 [Worker-103] INFO  o.e.m.c.i.e.AbstractTransferListenerAdapter - Downloading http://maven.aliyun.com/nexus/content/groups/public/org/apache/commons/commons-pool2/2.4.2/commons-pool2-2.4.2.pom
2019-04-12 16:34:53,697 [Worker-103] INFO  o.e.m.c.i.e.AbstractTransferListenerAdapter - Downloaded http://maven.aliyun.com/nexus/content/groups/public/org/apache/commons/commons-pool2/2.4.2/commons-pool2-2.4.2.pom
2019-04-12 16:34:54,084 [Worker-103] INFO  o.e.m.c.i.e.AbstractTransferListenerAdapter - Downloading http://maven.aliyun.com/nexus/content/groups/public/redis/clients/jedis/2.9.0/jedis-2.9.0.jar
2019-04-12 16:34:54,908 [Worker-103] INFO  o.e.m.c.i.e.AbstractTransferListenerAdapter - Downloaded http://maven.aliyun.com/nexus/content/groups/public/redis/clients/jedis/2.9.0/jedis-2.9.0.jar
2019-04-12 16:34:55,165 [Worker-103] INFO  o.e.m.c.i.e.AbstractTransferListenerAdapter - Downloading http://maven.aliyun.com/nexus/content/groups/public/org/apache/commons/commons-pool2/2.4.2/commons-pool2-2.4.2.jar
2019-04-12 16:34:55,936 [Worker-103] INFO  o.e.m.c.i.e.AbstractTransferListenerAdapter - Downloaded http://maven.aliyun.com/nexus/content/groups/public/org/apache/commons/commons-pool2/2.4.2/commons-pool2-2.4.2.jar
2019-04-12 16:34:58,514 [Worker-103] WARN  o.e.m.c.i.embedder.EclipseLogger - Using platform encoding (GBK actually) to copy filtered resources, i.e. build is platform dependent!
2019-04-12 16:34:58,523 [Worker-103] INFO  o.e.m.c.i.embedder.EclipseLogger - Copying 0 resource
2019-04-12 16:34:58,525 [Worker-103] WARN  o.e.m.c.i.embedder.EclipseLogger - Using platform encoding (GBK actually) to copy filtered resources, i.e. build is platform dependent!
2019-04-12 16:34:58,530 [Worker-103] INFO  o.e.m.c.i.embedder.EclipseLogger - Copying 0 resource
2019-04-12 16:34:58,530 [Worker-103] INFO  o.e.m.w.i.f.ResourceFilteringBuildParticipant - Changed resources require a complete clean of filtered resources of redpacket
2019-04-12 16:34:58,530 [Worker-103] INFO  o.e.m.w.i.f.ResourceFilteringBuildParticipant - Executing resource filtering for redpacket
2019-04-12 16:34:58,534 [Worker-103] WARN  o.e.m.c.i.embedder.EclipseLogger - Using platform encoding (GBK actually) to copy filtered resources, i.e. build is platform dependent!
2019-04-12 16:34:59,624 [Worker-105] WARN  o.e.m.c.i.embedder.EclipseLogger - Using platform encoding (GBK actually) to copy filtered resources, i.e. build is platform dependent!
2019-04-12 16:34:59,635 [Worker-105] INFO  o.e.m.c.i.embedder.EclipseLogger - Copying 2 resources
2019-04-12 16:34:59,644 [Worker-105] WARN  o.e.m.c.i.embedder.EclipseLogger - Using platform encoding (GBK actually) to copy filtered resources, i.e. build is platform dependent!
2019-04-12 16:34:59,652 [Worker-105] INFO  o.e.m.c.i.embedder.EclipseLogger - Copying 0 resource
2019-04-12 16:35:25,139 [Worker-94] WARN  o.e.m.c.i.embedder.EclipseLogger - Using platform encoding (GBK actually) to copy filtered resources, i.e. build is platform dependent!
2019-04-12 16:35:25,153 [Worker-94] INFO  o.e.m.c.i.embedder.EclipseLogger - Copying 2 resources
2019-04-12 16:35:25,155 [Worker-94] WARN  o.e.m.c.i.embedder.EclipseLogger - Using platform encoding (GBK actually) to copy filtered resources, i.e. build is platform dependent!
2019-04-12 16:35:25,165 [Worker-94] INFO  o.e.m.c.i.embedder.EclipseLogger - Copying 0 resource
2019-04-12 16:36:28,788 [Worker-94] WARN  o.e.m.c.i.embedder.EclipseLogger - Using platform encoding (GBK actually) to copy filtered resources, i.e. build is platform dependent!
2019-04-12 16:36:28,794 [Worker-94] INFO  o.e.m.c.i.embedder.EclipseLogger - Copying 2 resources
2019-04-12 16:36:28,796 [Worker-94] WARN  o.e.m.c.i.embedder.EclipseLogger - Using platform encoding (GBK actually) to copy filtered resources, i.e. build is platform dependent!
2019-04-12 16:36:28,802 [Worker-94] INFO  o.e.m.c.i.embedder.EclipseLogger - Copying 0 resource
2019-04-12 16:37:57,123 [Worker-95] WARN  o.e.m.c.i.embedder.EclipseLogger - Using platform encoding (GBK actually) to copy filtered resources, i.e. build is platform dependent!
2019-04-12 16:37:57,136 [Worker-95] INFO  o.e.m.c.i.embedder.EclipseLogger - Copying 2 resources
2019-04-12 16:37:57,138 [Worker-95] WARN  o.e.m.c.i.embedder.EclipseLogger - Using platform encoding (GBK actually) to copy filtered resources, i.e. build is platform dependent!
2019-04-12 16:37:57,147 [Worker-95] INFO  o.e.m.c.i.embedder.EclipseLogger - Copying 0 resource
2019-04-12 16:45:19,554 [Worker-139] WARN  o.e.m.c.i.embedder.EclipseLogger - Using platform encoding (GBK actually) to copy filtered resources, i.e. build is platform dependent!
2019-04-12 16:45:19,587 [Worker-139] INFO  o.e.m.c.i.embedder.EclipseLogger - Copying 0 resource
2019-04-12 16:45:19,591 [Worker-139] WARN  o.e.m.c.i.embedder.EclipseLogger - Using platform encoding (GBK actually) to copy filtered resources, i.e. build is platform dependent!
2019-04-12 16:45:19,618 [Worker-139] INFO  o.e.m.c.i.embedder.EclipseLogger - Copying 0 resource
2019-04-12 16:50:22,917 [Worker-141] WARN  o.e.m.c.i.embedder.EclipseLogger - Using platform encoding (GBK actually) to copy filtered resources, i.e. build is platform dependent!
2019-04-12 16:50:22,923 [Worker-141] INFO  o.e.m.c.i.embedder.EclipseLogger - Copying 0 resource
2019-04-12 16:50:22,925 [Worker-141] WARN  o.e.m.c.i.embedder.EclipseLogger - Using platform encoding (GBK actually) to copy filtered resources, i.e. build is platform dependent!
2019-04-12 16:50:22,933 [Worker-141] INFO  o.e.m.c.i.embedder.EclipseLogger - Copying 0 resource
2019-04-12 16:56:25,726 [Worker-143] WARN  o.e.m.c.i.embedder.EclipseLogger - Using platform encoding (GBK actually) to copy filtered resources, i.e. build is platform dependent!
2019-04-12 16:56:25,742 [Worker-143] INFO  o.e.m.c.i.embedder.EclipseLogger - Copying 0 resource
2019-04-12 16:56:25,745 [Worker-143] WARN  o.e.m.c.i.embedder.EclipseLogger - Using platform encoding (GBK actually) to copy filtered resources, i.e. build is platform dependent!
2019-04-12 16:56:25,762 [Worker-143] INFO  o.e.m.c.i.embedder.EclipseLogger - Copying 0 resource
